TN:
SF:src/server.ts
FN:40,(anonymous_1)
FN:49,(anonymous_2)
FN:53,(anonymous_3)
FN:67,(anonymous_4)
FN:89,(anonymous_5)
FN:91,(anonymous_6)
FN:96,(anonymous_7)
FN:103,(anonymous_8)
FN:129,(anonymous_9)
FN:138,(anonymous_10)
FN:186,(anonymous_11)
FN:261,(anonymous_12)
FN:275,(anonymous_13)
FN:289,(anonymous_14)
FN:290,(anonymous_15)
FN:332,(anonymous_16)
FN:401,(anonymous_17)
FN:454,(anonymous_18)
FN:468,(anonymous_19)
FN:560,(anonymous_20)
FN:670,(anonymous_21)
FN:679,(anonymous_22)
FN:694,(anonymous_23)
FN:713,(anonymous_24)
FN:735,(anonymous_25)
FN:743,(anonymous_26)
FN:747,(anonymous_27)
FN:825,(anonymous_28)
FN:851,(anonymous_29)
FN:860,(anonymous_30)
FN:870,(anonymous_31)
FN:882,(anonymous_32)
FN:895,(anonymous_33)
FN:928,(anonymous_34)
FN:933,(anonymous_35)
FN:935,(anonymous_36)
FN:945,(anonymous_37)
FN:955,(anonymous_38)
FNF:38
FNH:9
FNDA:4,(anonymous_1)
FNDA:4,(anonymous_2)
FNDA:4,(anonymous_3)
FNDA:0,(anonymous_4)
FNDA:4,(anonymous_5)
FNDA:0,(anonymous_6)
FNDA:0,(anonymous_7)
FNDA:0,(anonymous_8)
FNDA:0,(anonymous_9)
FNDA:0,(anonymous_10)
FNDA:0,(anonymous_11)
FNDA:0,(anonymous_12)
FNDA:0,(anonymous_13)
FNDA:0,(anonymous_14)
FNDA:0,(anonymous_15)
FNDA:0,(anonymous_16)
FNDA:0,(anonymous_17)
FNDA:0,(anonymous_18)
FNDA:0,(anonymous_19)
FNDA:0,(anonymous_20)
FNDA:1,(anonymous_21)
FNDA:1,(anonymous_22)
FNDA:1,(anonymous_23)
FNDA:1,(anonymous_24)
FNDA:0,(anonymous_25)
FNDA:0,(anonymous_26)
FNDA:0,(anonymous_27)
FNDA:0,(anonymous_28)
FNDA:0,(anonymous_29)
FNDA:0,(anonymous_30)
FNDA:0,(anonymous_31)
FNDA:0,(anonymous_32)
FNDA:0,(anonymous_33)
FNDA:0,(anonymous_34)
FNDA:4,(anonymous_35)
FNDA:0,(anonymous_36)
FNDA:0,(anonymous_37)
FNDA:0,(anonymous_38)
DA:1,1
DA:2,1
DA:3,1
DA:4,1
DA:5,1
DA:6,1
DA:7,1
DA:8,1
DA:9,1
DA:10,1
DA:11,1
DA:12,1
DA:13,1
DA:14,1
DA:15,1
DA:16,1
DA:17,1
DA:18,1
DA:19,1
DA:20,1
DA:21,1
DA:22,1
DA:25,1
DA:26,1
DA:27,1
DA:28,1
DA:29,1
DA:30,1
DA:31,1
DA:32,1
DA:33,1
DA:34,1
DA:36,1
DA:41,4
DA:42,4
DA:43,4
DA:44,4
DA:45,4
DA:50,4
DA:55,4
DA:58,4
DA:61,4
DA:63,4
DA:66,4
DA:67,0
DA:68,0
DA:69,0
DA:70,0
DA:72,0
DA:74,0
DA:79,4
DA:80,4
DA:81,4
DA:84,4
DA:85,0
DA:91,4
DA:92,0
DA:96,4
DA:97,0
DA:98,0
DA:100,0
DA:101,0
DA:102,0
DA:103,0
DA:104,0
DA:109,0
DA:110,0
DA:111,0
DA:112,0
DA:115,0
DA:116,0
DA:117,0
DA:118,0
DA:119,0
DA:120,0
DA:121,0
DA:123,0
DA:124,0
DA:129,4
DA:130,0
DA:131,0
DA:133,0
DA:134,0
DA:135,0
DA:136,0
DA:137,0
DA:138,0
DA:139,0
DA:140,0
DA:141,0
DA:146,0
DA:147,0
DA:148,0
DA:149,0
DA:150,0
DA:151,0
DA:152,0
DA:153,0
DA:154,0
DA:155,0
DA:158,0
DA:160,0
DA:161,0
DA:162,0
DA:163,0
DA:164,0
DA:165,0
DA:166,0
DA:167,0
DA:168,0
DA:169,0
DA:170,0
DA:171,0
DA:172,0
DA:173,0
DA:174,0
DA:175,0
DA:176,0
DA:178,0
DA:180,0
DA:181,0
DA:186,4
DA:187,0
DA:188,0
DA:190,0
DA:191,0
DA:192,0
DA:194,0
DA:200,0
DA:201,0
DA:202,0
DA:206,0
DA:208,0
DA:210,0
DA:211,0
DA:212,0
DA:213,0
DA:219,0
DA:220,0
DA:221,0
DA:222,0
DA:223,0
DA:224,0
DA:225,0
DA:226,0
DA:227,0
DA:231,0
DA:232,0
DA:233,0
DA:239,0
DA:240,0
DA:241,0
DA:242,0
DA:243,0
DA:244,0
DA:245,0
DA:246,0
DA:247,0
DA:253,0
DA:255,0
DA:256,0
DA:261,4
DA:262,0
DA:263,0
DA:265,0
DA:266,0
DA:267,0
DA:269,0
DA:270,0
DA:275,0
DA:276,0
DA:277,0
DA:278,0
DA:279,0
DA:280,0
DA:281,0
DA:282,0
DA:283,0
DA:287,0
DA:288,0
DA:289,0
DA:290,0
DA:292,0
DA:294,0
DA:295,0
DA:296,0
DA:297,0
DA:298,0
DA:299,0
DA:300,0
DA:301,0
DA:302,0
DA:303,0
DA:304,0
DA:305,0
DA:306,0
DA:307,0
DA:309,0
DA:310,0
DA:311,0
DA:312,0
DA:313,0
DA:314,0
DA:315,0
DA:316,0
DA:318,0
DA:319,0
DA:321,0
DA:324,0
DA:326,0
DA:327,0
DA:332,4
DA:333,0
DA:334,0
DA:336,0
DA:337,0
DA:338,0
DA:339,0
DA:340,0
DA:341,0
DA:343,0
DA:344,0
DA:346,0
DA:347,0
DA:348,0
DA:349,0
DA:350,0
DA:351,0
DA:352,0
DA:353,0
DA:354,0
DA:355,0
DA:356,0
DA:357,0
DA:361,0
DA:362,0
DA:363,0
DA:364,0
DA:365,0
DA:366,0
DA:367,0
DA:368,0
DA:369,0
DA:371,0
DA:372,0
DA:373,0
DA:374,0
DA:375,0
DA:376,0
DA:377,0
DA:378,0
DA:382,0
DA:383,0
DA:384,0
DA:385,0
DA:386,0
DA:387,0
DA:388,0
DA:389,0
DA:390,0
DA:391,0
DA:393,0
DA:395,0
DA:396,0
DA:401,4
DA:402,0
DA:403,0
DA:405,0
DA:406,0
DA:407,0
DA:409,0
DA:410,0
DA:411,0
DA:412,0
DA:413,0
DA:415,0
DA:416,0
DA:417,0
DA:419,0
DA:420,0
DA:421,0
DA:422,0
DA:423,0
DA:426,0
DA:427,0
DA:428,0
DA:429,0
DA:430,0
DA:431,0
DA:432,0
DA:434,0
DA:436,0
DA:437,0
DA:439,0
DA:440,0
DA:441,0
DA:443,0
DA:445,0
DA:446,0
DA:454,4
DA:455,0
DA:456,0
DA:458,0
DA:459,0
DA:460,0
DA:461,0
DA:462,0
DA:463,0
DA:464,0
DA:465,0
DA:468,0
DA:469,0
DA:470,0
DA:471,0
DA:472,0
DA:473,0
DA:474,0
DA:475,0
DA:477,0
DA:480,0
DA:481,0
DA:484,0
DA:485,0
DA:486,0
DA:487,0
DA:488,0
DA:489,0
DA:491,0
DA:492,0
DA:493,0
DA:494,0
DA:495,0
DA:496,0
DA:497,0
DA:500,0
DA:501,0
DA:502,0
DA:503,0
DA:504,0
DA:505,0
DA:506,0
DA:507,0
DA:508,0
DA:509,0
DA:510,0
DA:511,0
DA:513,0
DA:514,0
DA:515,0
DA:518,0
DA:519,0
DA:520,0
DA:521,0
DA:522,0
DA:523,0
DA:524,0
DA:525,0
DA:529,0
DA:530,0
DA:538,0
DA:539,0
DA:540,0
DA:541,0
DA:542,0
DA:543,0
DA:544,0
DA:548,0
DA:555,0
DA:556,0
DA:560,4
DA:561,0
DA:562,0
DA:563,0
DA:564,0
DA:566,0
DA:567,0
DA:568,0
DA:569,0
DA:572,0
DA:573,0
DA:574,0
DA:576,0
DA:577,0
DA:579,0
DA:580,0
DA:581,0
DA:582,0
DA:583,0
DA:584,0
DA:585,0
DA:586,0
DA:587,0
DA:588,0
DA:589,0
DA:590,0
DA:591,0
DA:595,0
DA:596,0
DA:597,0
DA:598,0
DA:600,0
DA:601,0
DA:602,0
DA:607,0
DA:608,0
DA:609,0
DA:610,0
DA:611,0
DA:612,0
DA:615,0
DA:617,0
DA:619,0
DA:620,0
DA:621,0
DA:622,0
DA:623,0
DA:624,0
DA:625,0
DA:626,0
DA:627,0
DA:628,0
DA:634,0
DA:635,0
DA:636,0
DA:639,0
DA:640,0
DA:641,0
DA:642,0
DA:643,0
DA:644,0
DA:645,0
DA:646,0
DA:648,0
DA:649,0
DA:651,0
DA:653,0
DA:658,4
DA:659,4
DA:660,4
DA:661,4
DA:662,4
DA:663,4
DA:664,4
DA:665,4
DA:666,4
DA:667,4
DA:670,4
DA:671,1
DA:672,1
DA:673,1
DA:678,1
DA:679,1
DA:688,1
DA:690,0
DA:694,4
DA:695,1
DA:696,1
DA:697,1
DA:698,0
DA:700,1
DA:701,1
DA:702,1
DA:703,1
DA:704,1
DA:705,1
DA:706,1
DA:707,1
DA:709,0
DA:713,4
DA:714,1
DA:715,1
DA:716,1
DA:717,0
DA:719,1
DA:720,1
DA:721,1
DA:722,1
DA:723,1
DA:724,1
DA:725,1
DA:726,1
DA:727,1
DA:729,0
DA:734,4
DA:735,4
DA:736,0
DA:737,0
DA:738,0
DA:740,0
DA:743,4
DA:744,0
DA:747,4
DA:748,0
DA:749,0
DA:750,0
DA:753,0
DA:761,0
DA:764,0
DA:765,0
DA:766,0
DA:767,0
DA:768,0
DA:772,0
DA:773,0
DA:775,0
DA:776,0
DA:777,0
DA:778,0
DA:779,0
DA:781,0
DA:785,0
DA:786,0
DA:787,0
DA:789,0
DA:790,0
DA:791,0
DA:793,0
DA:794,0
DA:795,0
DA:797,0
DA:798,0
DA:799,0
DA:801,0
DA:802,0
DA:803,0
DA:804,0
DA:805,0
DA:806,0
DA:807,0
DA:809,0
DA:813,0
DA:825,0
DA:826,0
DA:827,0
DA:828,0
DA:829,0
DA:830,0
DA:831,0
DA:832,0
DA:834,0
DA:838,0
DA:839,0
DA:840,0
DA:841,0
DA:842,0
DA:844,0
DA:846,0
DA:851,4
DA:852,0
DA:853,0
DA:854,0
DA:855,0
DA:856,0
DA:860,4
DA:861,0
DA:862,0
DA:863,0
DA:864,0
DA:865,0
DA:866,0
DA:870,4
DA:871,0
DA:872,0
DA:873,0
DA:874,0
DA:875,0
DA:876,0
DA:878,0
DA:882,4
DA:883,0
DA:884,0
DA:885,0
DA:886,0
DA:887,0
DA:888,0
DA:890,0
DA:895,4
DA:896,0
DA:897,0
DA:899,0
DA:900,0
DA:901,0
DA:902,0
DA:903,0
DA:904,0
DA:905,0
DA:906,0
DA:907,0
DA:908,0
DA:910,0
DA:911,0
DA:912,0
DA:913,0
DA:914,0
DA:916,0
DA:917,0
DA:919,0
DA:920,0
DA:925,4
DA:928,4
DA:929,0
DA:935,4
DA:936,0
DA:937,0
DA:938,0
DA:946,0
DA:948,0
DA:951,0
DA:952,0
DA:955,0
DA:956,0
DA:957,0
DA:958,0
DA:960,0
DA:963,0
DA:964,0
DA:970,1
DA:971,0
DA:972,0
DA:973,0
LF:620
LH:112
BRDA:66,0,0,0
BRDA:66,0,1,4
BRDA:69,1,0,0
BRDA:69,1,1,0
BRDA:84,2,0,0
BRDA:84,2,1,4
BRDA:97,3,0,0
BRDA:97,3,1,0
BRDA:109,4,0,0
BRDA:109,4,1,0
BRDA:121,5,0,0
BRDA:121,5,1,0
BRDA:130,6,0,0
BRDA:130,6,1,0
BRDA:146,7,0,0
BRDA:146,7,1,0
BRDA:158,8,0,0
BRDA:158,8,1,0
BRDA:161,9,0,0
BRDA:161,9,1,0
BRDA:162,10,0,0
BRDA:162,10,1,0
BRDA:163,11,0,0
BRDA:163,11,1,0
BRDA:164,12,0,0
BRDA:164,12,1,0
BRDA:165,13,0,0
BRDA:165,13,1,0
BRDA:166,14,0,0
BRDA:166,14,1,0
BRDA:166,15,0,0
BRDA:166,15,1,0
BRDA:167,16,0,0
BRDA:167,16,1,0
BRDA:168,17,0,0
BRDA:168,17,1,0
BRDA:169,18,0,0
BRDA:169,18,1,0
BRDA:170,19,0,0
BRDA:170,19,1,0
BRDA:171,20,0,0
BRDA:171,20,1,0
BRDA:172,21,0,0
BRDA:172,21,1,0
BRDA:173,22,0,0
BRDA:173,22,1,0
BRDA:174,23,0,0
BRDA:174,23,1,0
BRDA:175,24,0,0
BRDA:175,24,1,0
BRDA:187,25,0,0
BRDA:187,25,1,0
BRDA:219,26,0,0
BRDA:219,26,1,0
BRDA:239,27,0,0
BRDA:239,27,1,0
BRDA:262,28,0,0
BRDA:262,28,1,0
BRDA:275,29,0,0
BRDA:275,29,1,0
BRDA:277,30,0,0
BRDA:277,30,1,0
BRDA:300,31,0,0
BRDA:300,31,1,0
BRDA:303,32,0,0
BRDA:303,32,1,0
BRDA:315,33,0,0
BRDA:315,33,1,0
BRDA:333,34,0,0
BRDA:333,34,1,0
BRDA:337,35,0,0
BRDA:337,36,0,0
BRDA:337,37,0,0
BRDA:337,38,0,0
BRDA:337,39,0,0
BRDA:337,39,1,0
BRDA:344,40,0,0
BRDA:344,40,1,0
BRDA:347,41,0,0
BRDA:347,41,1,0
BRDA:355,42,0,0
BRDA:355,42,1,0
BRDA:362,43,0,0
BRDA:362,43,1,0
BRDA:364,44,0,0
BRDA:364,44,1,0
BRDA:402,45,0,0
BRDA:402,45,1,0
BRDA:406,46,0,0
BRDA:406,46,1,0
BRDA:409,47,0,0
BRDA:409,48,0,0
BRDA:409,49,0,0
BRDA:409,50,0,0
BRDA:409,51,0,0
BRDA:409,51,1,0
BRDA:410,52,0,0
BRDA:410,52,1,0
BRDA:412,53,0,0
BRDA:412,53,1,0
BRDA:416,54,0,0
BRDA:416,54,1,0
BRDA:419,55,0,0
BRDA:419,55,1,0
BRDA:426,56,0,0
BRDA:426,56,1,0
BRDA:430,57,0,0
BRDA:430,57,1,0
BRDA:431,58,0,0
BRDA:431,58,1,0
BRDA:436,59,0,0
BRDA:436,59,1,0
BRDA:440,60,0,0
BRDA:440,60,1,0
BRDA:448,61,0,0
BRDA:448,61,1,0
BRDA:448,62,0,0
BRDA:448,62,1,0
BRDA:448,63,0,0
BRDA:448,63,1,0
BRDA:448,64,0,0
BRDA:448,64,1,0
BRDA:455,65,0,0
BRDA:455,65,1,0
BRDA:459,66,0,0
BRDA:459,66,1,0
BRDA:459,67,0,0
BRDA:459,67,1,0
BRDA:459,67,2,0
BRDA:459,68,0,0
BRDA:459,68,1,0
BRDA:459,69,0,0
BRDA:459,69,1,0
BRDA:459,70,0,0
BRDA:459,70,1,0
BRDA:459,71,0,0
BRDA:459,71,1,0
BRDA:459,72,0,0
BRDA:459,72,1,0
BRDA:460,73,0,0
BRDA:460,73,1,0
BRDA:460,73,2,0
BRDA:460,74,0,0
BRDA:460,74,1,0
BRDA:460,75,0,0
BRDA:460,75,1,0
BRDA:461,76,0,0
BRDA:461,76,1,0
BRDA:461,76,2,0
BRDA:461,77,0,0
BRDA:461,77,1,0
BRDA:461,78,0,0
BRDA:461,78,1,0
BRDA:470,79,0,0
BRDA:470,79,1,0
BRDA:485,80,0,0
BRDA:485,80,1,0
BRDA:496,81,0,0
BRDA:496,81,1,0
BRDA:500,82,0,0
BRDA:500,82,1,0
BRDA:501,83,0,0
BRDA:501,83,1,0
BRDA:502,84,0,0
BRDA:502,84,1,0
BRDA:510,85,0,0
BRDA:510,85,1,0
BRDA:519,86,0,0
BRDA:519,86,1,0
BRDA:529,87,0,0
BRDA:529,87,1,0
BRDA:538,88,0,0
BRDA:538,88,1,0
BRDA:540,89,0,0
BRDA:540,89,1,0
BRDA:562,90,0,0
BRDA:562,90,1,0
BRDA:563,91,0,0
BRDA:563,91,1,0
BRDA:563,92,0,0
BRDA:563,92,1,0
BRDA:573,93,0,0
BRDA:573,93,1,0
BRDA:576,94,0,0
BRDA:576,94,1,0
BRDA:579,95,0,0
BRDA:579,95,1,0
BRDA:581,96,0,0
BRDA:581,96,1,0
BRDA:583,97,0,0
BRDA:583,97,1,0
BRDA:584,98,0,0
BRDA:584,98,1,0
BRDA:585,99,0,0
BRDA:585,99,1,0
BRDA:596,100,0,0
BRDA:596,100,1,0
BRDA:598,101,0,0
BRDA:598,101,1,0
BRDA:598,102,0,0
BRDA:598,102,1,0
BRDA:600,103,0,0
BRDA:600,103,1,0
BRDA:601,104,0,0
BRDA:601,104,1,0
BRDA:601,105,0,0
BRDA:601,105,1,0
BRDA:607,106,0,0
BRDA:607,106,1,0
BRDA:607,107,0,0
BRDA:607,107,1,0
BRDA:615,108,0,0
BRDA:615,108,1,0
BRDA:619,109,0,0
BRDA:619,109,1,0
BRDA:634,110,0,0
BRDA:634,110,1,0
BRDA:635,111,0,0
BRDA:635,111,1,0
BRDA:635,112,0,0
BRDA:635,112,1,0
BRDA:635,113,0,0
BRDA:635,113,1,0
BRDA:641,114,0,0
BRDA:641,114,1,0
BRDA:642,115,0,0
BRDA:642,115,1,0
BRDA:686,116,0,1
BRDA:686,116,1,0
BRDA:696,117,0,1
BRDA:696,117,1,0
BRDA:697,118,0,0
BRDA:697,118,1,1
BRDA:697,119,0,1
BRDA:697,119,1,1
BRDA:715,120,0,1
BRDA:715,120,1,0
BRDA:716,121,0,0
BRDA:716,121,1,1
BRDA:716,122,0,1
BRDA:716,122,1,1
BRDA:738,123,0,0
BRDA:738,123,1,0
BRDA:749,124,0,0
BRDA:749,125,0,0
BRDA:749,125,1,0
BRDA:750,126,0,0
BRDA:750,126,1,0
BRDA:764,127,0,0
BRDA:764,127,1,0
BRDA:766,128,0,0
BRDA:766,128,1,0
BRDA:767,129,0,0
BRDA:767,129,1,0
BRDA:772,130,0,0
BRDA:772,130,1,0
BRDA:775,131,0,0
BRDA:775,131,1,0
BRDA:777,132,0,0
BRDA:777,132,1,0
BRDA:785,133,0,0
BRDA:785,133,1,0
BRDA:789,134,0,0
BRDA:789,134,1,0
BRDA:793,135,0,0
BRDA:793,135,1,0
BRDA:797,136,0,0
BRDA:797,136,1,0
BRDA:801,137,0,0
BRDA:801,137,1,0
BRDA:803,138,0,0
BRDA:803,138,1,0
BRDA:805,139,0,0
BRDA:805,139,1,0
BRDA:826,140,0,0
BRDA:826,140,1,0
BRDA:828,141,0,0
BRDA:828,141,1,0
BRDA:830,142,0,0
BRDA:830,142,1,0
BRDA:838,143,0,0
BRDA:838,143,1,0
BRDA:840,144,0,0
BRDA:840,144,1,0
BRDA:852,145,0,0
BRDA:852,145,1,0
BRDA:853,146,0,0
BRDA:853,146,1,0
BRDA:855,147,0,0
BRDA:855,147,1,0
BRDA:861,148,0,0
BRDA:861,148,1,0
BRDA:862,149,0,0
BRDA:862,149,1,0
BRDA:872,150,0,0
BRDA:872,150,1,0
BRDA:872,151,0,0
BRDA:872,151,1,0
BRDA:872,152,0,0
BRDA:872,152,1,0
BRDA:873,153,0,0
BRDA:873,153,1,0
BRDA:873,154,0,0
BRDA:873,154,1,0
BRDA:873,155,0,0
BRDA:873,155,1,0
BRDA:884,156,0,0
BRDA:884,156,1,0
BRDA:884,157,0,0
BRDA:884,157,1,0
BRDA:884,158,0,0
BRDA:884,158,1,0
BRDA:885,159,0,0
BRDA:885,159,1,0
BRDA:885,160,0,0
BRDA:885,160,1,0
BRDA:885,161,0,0
BRDA:885,161,1,0
BRDA:896,162,0,0
BRDA:896,162,1,0
BRDA:900,163,0,0
BRDA:900,164,0,0
BRDA:900,165,0,0
BRDA:900,166,0,0
BRDA:900,167,0,0
BRDA:900,167,1,0
BRDA:901,168,0,0
BRDA:901,168,1,0
BRDA:904,169,0,0
BRDA:904,169,1,0
BRDA:913,170,0,0
BRDA:913,170,1,0
BRDA:937,171,0,0
BRDA:937,171,1,0
BRDA:939,172,0,0
BRDA:939,172,1,0
BRDA:940,173,0,0
BRDA:940,173,1,0
BRDA:951,174,0,0
BRDA:951,174,1,0
BRDA:957,175,0,0
BRDA:957,175,1,0
BRDA:960,176,0,0
BRDA:960,176,1,0
BRDA:970,177,0,0
BRDA:970,177,1,1
BRDA:971,178,0,0
BRDA:971,178,1,0
BRF:348
BRH:12
end_of_record
TN:
SF:src/config/swagger.ts
FN:5,setupSwagger
FNF:1
FNH:0
FNDA:0,setupSwagger
DA:1,1
DA:2,1
DA:5,1
DA:6,0
DA:30,0
DA:31,0
LF:6
LH:3
BRF:0
BRH:0
end_of_record
TN:
SF:src/controllers/appointment.controller.ts
FN:29,(anonymous_0)
FN:84,(anonymous_1)
FN:109,(anonymous_2)
FN:179,(anonymous_3)
FN:193,(anonymous_4)
FN:209,(anonymous_5)
FN:255,(anonymous_6)
FN:319,(anonymous_7)
FN:355,(anonymous_8)
FN:362,(anonymous_9)
FN:364,(anonymous_10)
FN:366,(anonymous_11)
FN:413,(anonymous_12)
FN:413,(anonymous_13)
FN:415,(anonymous_14)
FN:427,(anonymous_15)
FN:433,(anonymous_16)
FN:439,(anonymous_17)
FN:440,(anonymous_18)
FN:462,(anonymous_19)
FN:466,(anonymous_20)
FN:537,(anonymous_21)
FN:605,(anonymous_22)
FN:633,(anonymous_23)
FN:690,(anonymous_24)
FN:708,(anonymous_25)
FNF:26
FNH:0
FNDA:0,(anonymous_0)
FNDA:0,(anonymous_1)
FNDA:0,(anonymous_2)
FNDA:0,(anonymous_3)
FNDA:0,(anonymous_4)
FNDA:0,(anonymous_5)
FNDA:0,(anonymous_6)
FNDA:0,(anonymous_7)
FNDA:0,(anonymous_8)
FNDA:0,(anonymous_9)
FNDA:0,(anonymous_10)
FNDA:0,(anonymous_11)
FNDA:0,(anonymous_12)
FNDA:0,(anonymous_13)
FNDA:0,(anonymous_14)
FNDA:0,(anonymous_15)
FNDA:0,(anonymous_16)
FNDA:0,(anonymous_17)
FNDA:0,(anonymous_18)
FNDA:0,(anonymous_19)
FNDA:0,(anonymous_20)
FNDA:0,(anonymous_21)
FNDA:0,(anonymous_22)
FNDA:0,(anonymous_23)
FNDA:0,(anonymous_24)
FNDA:0,(anonymous_25)
DA:2,1
DA:3,1
DA:4,1
DA:5,1
DA:6,1
DA:7,1
DA:8,1
DA:10,1
DA:27,1
DA:29,1
DA:30,0
DA:38,0
DA:40,0
DA:41,0
DA:44,0
DA:45,0
DA:46,0
DA:48,0
DA:49,0
DA:58,0
DA:59,0
DA:60,0
DA:65,0
DA:66,0
DA:71,0
DA:72,0
DA:73,0
DA:78,0
DA:79,0
DA:84,1
DA:85,0
DA:86,0
DA:87,0
DA:88,0
DA:89,0
DA:91,0
DA:92,0
DA:93,0
DA:98,0
DA:99,0
DA:100,0
DA:101,0
DA:103,0
DA:104,0
DA:109,1
DA:110,0
DA:111,0
DA:112,0
DA:113,0
DA:114,0
DA:116,0
DA:117,0
DA:118,0
DA:119,0
DA:121,0
DA:122,0
DA:123,0
DA:124,0
DA:125,0
DA:126,0
DA:129,0
DA:130,0
DA:135,0
DA:136,0
DA:137,0
DA:140,0
DA:141,0
DA:147,0
DA:148,0
DA:150,0
DA:156,0
DA:157,0
DA:160,0
DA:161,0
DA:162,0
DA:163,0
DA:164,0
DA:165,0
DA:166,0
DA:167,0
DA:168,0
DA:170,0
DA:171,0
DA:172,0
DA:174,0
DA:175,0
DA:179,1
DA:180,0
DA:181,0
DA:182,0
DA:183,0
DA:184,0
DA:185,0
DA:187,0
DA:188,0
DA:193,1
DA:194,0
DA:195,0
DA:196,0
DA:197,0
DA:198,0
DA:199,0
DA:200,0
DA:201,0
DA:203,0
DA:204,0
DA:209,1
DA:210,0
DA:211,0
DA:212,0
DA:213,0
DA:214,0
DA:215,0
DA:216,0
DA:218,0
DA:219,0
DA:223,0
DA:224,0
DA:231,0
DA:232,0
DA:234,0
DA:241,0
DA:242,0
DA:245,0
DA:246,0
DA:247,0
DA:248,0
DA:250,0
DA:251,0
DA:255,1
DA:267,0
DA:269,0
DA:270,0
DA:271,0
DA:273,0
DA:274,0
DA:284,0
DA:285,0
DA:286,0
DA:291,0
DA:292,0
DA:293,0
DA:294,0
DA:295,0
DA:296,0
DA:302,0
DA:303,0
DA:304,0
DA:314,0
DA:315,0
DA:319,1
DA:320,0
DA:321,0
DA:322,0
DA:324,0
DA:325,0
DA:328,0
DA:329,0
DA:330,0
DA:331,0
DA:333,0
DA:335,0
DA:336,0
DA:337,0
DA:342,0
DA:343,0
DA:344,0
DA:347,0
DA:348,0
DA:355,0
DA:356,0
DA:359,0
DA:360,0
DA:361,0
DA:362,0
DA:364,0
DA:365,0
DA:366,0
DA:367,0
DA:370,0
DA:371,0
DA:372,0
DA:373,0
DA:377,0
DA:378,0
DA:379,0
DA:380,0
DA:381,0
DA:382,0
DA:384,0
DA:385,0
DA:386,0
DA:393,0
DA:395,0
DA:398,0
DA:399,0
DA:400,0
DA:402,0
DA:403,0
DA:404,0
DA:410,0
DA:413,0
DA:415,0
DA:416,0
DA:417,0
DA:419,0
DA:421,0
DA:424,0
DA:425,0
DA:427,0
DA:431,0
DA:432,0
DA:433,0
DA:434,0
DA:435,0
DA:436,0
DA:437,0
DA:438,0
DA:439,0
DA:440,0
DA:441,0
DA:442,0
DA:443,0
DA:444,0
DA:445,0
DA:447,0
DA:448,0
DA:450,0
DA:452,0
DA:453,0
DA:455,0
DA:461,0
DA:462,0
DA:463,0
DA:466,0
DA:467,0
DA:468,0
DA:474,0
DA:475,0
DA:476,0
DA:480,0
DA:499,0
DA:500,0
DA:507,0
DA:508,0
DA:509,0
DA:510,0
DA:511,0
DA:512,0
DA:513,0
DA:514,0
DA:515,0
DA:517,0
DA:520,0
DA:524,0
DA:526,0
DA:527,0
DA:529,0
DA:531,0
DA:532,0
DA:537,1
DA:538,0
DA:546,0
DA:548,0
DA:549,0
DA:552,0
DA:553,0
DA:554,0
DA:556,0
DA:557,0
DA:567,0
DA:568,0
DA:571,0
DA:572,0
DA:578,0
DA:579,0
DA:585,0
DA:586,0
DA:587,0
DA:589,0
DA:599,0
DA:600,0
DA:605,1
DA:606,0
DA:607,0
DA:609,0
DA:610,0
DA:613,0
DA:615,0
DA:616,0
DA:621,0
DA:622,0
DA:625,0
DA:627,0
DA:628,0
DA:633,1
DA:634,0
DA:635,0
DA:636,0
DA:637,0
DA:638,0
DA:639,0
DA:640,0
DA:641,0
DA:642,0
DA:645,0
DA:646,0
DA:647,0
DA:648,0
DA:651,0
DA:652,0
DA:654,0
DA:656,0
DA:657,0
DA:664,0
DA:667,0
DA:674,0
DA:676,0
DA:677,0
DA:678,0
DA:679,0
DA:680,0
DA:681,0
DA:682,0
DA:684,0
DA:685,0
DA:690,1
DA:691,0
DA:692,0
DA:693,0
DA:694,0
DA:695,0
DA:696,0
DA:697,0
DA:698,0
DA:699,0
DA:700,0
DA:702,0
DA:703,0
DA:708,1
DA:709,0
DA:710,0
DA:711,0
DA:713,0
DA:715,0
DA:717,0
DA:718,0
DA:719,0
DA:723,0
DA:724,0
DA:728,0
DA:729,0
DA:730,0
DA:731,0
DA:732,0
DA:733,0
DA:734,0
DA:735,0
DA:736,0
DA:737,0
DA:738,0
DA:742,0
DA:747,0
DA:748,0
DA:750,0
DA:751,0
DA:754,0
DA:756,0
DA:757,0
LF:369
LH:22
BRDA:30,0,0,0
BRDA:30,0,1,0
BRDA:30,1,0,0
BRDA:30,1,1,0
BRDA:35,2,0,0
BRDA:36,3,0,0
BRDA:37,4,0,0
BRDA:40,5,0,0
BRDA:40,5,1,0
BRDA:44,6,0,0
BRDA:44,6,1,0
BRDA:45,7,0,0
BRDA:45,7,1,0
BRDA:58,8,0,0
BRDA:58,8,1,0
BRDA:59,9,0,0
BRDA:59,9,1,0
BRDA:59,10,0,0
BRDA:59,10,1,0
BRDA:65,11,0,0
BRDA:65,11,1,0
BRDA:85,12,0,0
BRDA:85,12,1,0
BRDA:85,13,0,0
BRDA:85,13,1,0
BRDA:87,14,0,0
BRDA:87,14,1,0
BRDA:88,15,0,0
BRDA:88,15,1,0
BRDA:98,16,0,0
BRDA:98,16,1,0
BRDA:99,17,0,0
BRDA:99,17,1,0
BRDA:99,18,0,0
BRDA:99,18,1,0
BRDA:110,19,0,0
BRDA:110,19,1,0
BRDA:110,20,0,0
BRDA:110,20,1,0
BRDA:111,21,0,0
BRDA:111,21,1,0
BRDA:112,22,0,0
BRDA:112,22,1,0
BRDA:113,23,0,0
BRDA:113,23,1,0
BRDA:113,24,0,0
BRDA:113,24,1,0
BRDA:113,24,2,0
BRDA:122,25,0,0
BRDA:122,25,1,0
BRDA:124,26,0,0
BRDA:124,26,1,0
BRDA:126,27,0,0
BRDA:126,27,1,0
BRDA:129,28,0,0
BRDA:129,28,1,0
BRDA:129,29,0,0
BRDA:129,29,1,0
BRDA:129,30,0,0
BRDA:129,30,1,0
BRDA:129,31,0,0
BRDA:129,31,1,0
BRDA:129,32,0,0
BRDA:129,32,1,0
BRDA:129,33,0,0
BRDA:129,33,1,0
BRDA:136,34,0,0
BRDA:136,34,1,0
BRDA:136,35,0,0
BRDA:136,35,1,0
BRDA:136,36,0,0
BRDA:136,36,1,0
BRDA:136,37,0,0
BRDA:136,37,1,0
BRDA:137,38,0,0
BRDA:137,38,1,0
BRDA:147,39,0,0
BRDA:147,39,1,0
BRDA:156,40,0,0
BRDA:156,40,1,0
BRDA:184,41,0,0
BRDA:184,41,1,0
BRDA:198,42,0,0
BRDA:198,42,1,0
BRDA:214,43,0,0
BRDA:214,43,1,0
BRDA:215,44,0,0
BRDA:215,44,1,0
BRDA:216,45,0,0
BRDA:216,45,1,0
BRDA:218,46,0,0
BRDA:218,46,1,0
BRDA:231,47,0,0
BRDA:231,47,1,0
BRDA:241,48,0,0
BRDA:241,48,1,0
BRDA:260,49,0,0
BRDA:261,50,0,0
BRDA:262,51,0,0
BRDA:269,52,0,0
BRDA:269,52,1,0
BRDA:270,53,0,0
BRDA:270,53,1,0
BRDA:284,54,0,0
BRDA:284,54,1,0
BRDA:285,55,0,0
BRDA:285,55,1,0
BRDA:285,56,0,0
BRDA:285,56,1,0
BRDA:291,57,0,0
BRDA:291,57,1,0
BRDA:292,58,0,0
BRDA:292,58,1,0
BRDA:293,59,0,0
BRDA:293,59,1,0
BRDA:294,60,0,0
BRDA:294,60,1,0
BRDA:295,61,0,0
BRDA:295,61,1,0
BRDA:322,62,0,0
BRDA:322,62,1,0
BRDA:322,63,0,0
BRDA:322,63,1,0
BRDA:324,64,0,0
BRDA:324,64,1,0
BRDA:336,65,0,0
BRDA:336,65,1,0
BRDA:342,66,0,0
BRDA:342,66,1,0
BRDA:344,67,0,0
BRDA:344,67,1,0
BRDA:347,68,0,0
BRDA:347,68,1,0
BRDA:347,69,0,0
BRDA:347,69,1,0
BRDA:347,70,0,0
BRDA:347,70,1,0
BRDA:347,71,0,0
BRDA:347,71,1,0
BRDA:355,72,0,0
BRDA:355,72,1,0
BRDA:356,73,0,0
BRDA:356,73,1,0
BRDA:359,74,0,0
BRDA:359,74,1,0
BRDA:359,75,0,0
BRDA:359,75,1,0
BRDA:359,76,0,0
BRDA:359,76,1,0
BRDA:359,77,0,0
BRDA:359,77,1,0
BRDA:360,78,0,0
BRDA:360,78,1,0
BRDA:360,79,0,0
BRDA:360,79,1,0
BRDA:360,80,0,0
BRDA:360,80,1,0
BRDA:362,81,0,0
BRDA:362,81,1,0
BRDA:362,82,0,0
BRDA:362,82,1,0
BRDA:362,83,0,0
BRDA:362,83,1,0
BRDA:362,84,0,0
BRDA:362,84,1,0
BRDA:362,85,0,0
BRDA:362,85,1,0
BRDA:365,86,0,0
BRDA:365,86,1,0
BRDA:365,87,0,0
BRDA:365,87,1,0
BRDA:367,88,0,0
BRDA:367,88,1,0
BRDA:370,89,0,0
BRDA:370,89,1,0
BRDA:370,90,0,0
BRDA:370,90,1,0
BRDA:372,91,0,0
BRDA:372,91,1,0
BRDA:393,92,0,0
BRDA:393,92,1,0
BRDA:395,93,0,0
BRDA:395,93,1,0
BRDA:417,94,0,0
BRDA:417,94,1,0
BRDA:417,95,0,0
BRDA:417,95,1,0
BRDA:417,96,0,0
BRDA:417,96,1,0
BRDA:421,97,0,0
BRDA:421,97,1,0
BRDA:424,98,0,0
BRDA:424,98,1,0
BRDA:424,99,0,0
BRDA:424,99,1,0
BRDA:442,100,0,0
BRDA:442,100,1,0
BRDA:444,101,0,0
BRDA:444,101,1,0
BRDA:445,102,0,0
BRDA:445,102,1,0
BRDA:461,103,0,0
BRDA:461,103,1,0
BRDA:463,104,0,0
BRDA:463,104,1,0
BRDA:467,105,0,0
BRDA:467,105,1,0
BRDA:475,106,0,0
BRDA:475,106,1,0
BRDA:483,107,0,0
BRDA:483,107,1,0
BRDA:499,108,0,0
BRDA:499,108,1,0
BRDA:513,109,0,0
BRDA:513,109,1,0
BRDA:513,110,0,0
BRDA:513,110,1,0
BRDA:526,111,0,0
BRDA:526,111,1,0
BRDA:526,112,0,0
BRDA:526,112,1,0
BRDA:526,113,0,0
BRDA:526,113,1,0
BRDA:526,114,0,0
BRDA:526,114,1,0
BRDA:538,115,0,0
BRDA:538,115,1,0
BRDA:538,116,0,0
BRDA:538,116,1,0
BRDA:543,117,0,0
BRDA:544,118,0,0
BRDA:545,119,0,0
BRDA:548,120,0,0
BRDA:548,120,1,0
BRDA:552,121,0,0
BRDA:552,121,1,0
BRDA:553,122,0,0
BRDA:553,122,1,0
BRDA:567,123,0,0
BRDA:567,123,1,0
BRDA:571,124,0,0
BRDA:571,124,1,0
BRDA:571,125,0,0
BRDA:571,125,1,0
BRDA:578,126,0,0
BRDA:578,126,1,0
BRDA:607,127,0,0
BRDA:607,127,1,0
BRDA:607,128,0,0
BRDA:607,128,1,0
BRDA:609,129,0,0
BRDA:609,129,1,0
BRDA:621,130,0,0
BRDA:621,130,1,0
BRDA:635,131,0,0
BRDA:635,131,1,0
BRDA:635,132,0,0
BRDA:635,132,1,0
BRDA:636,133,0,0
BRDA:636,133,1,0
BRDA:637,134,0,0
BRDA:637,134,1,0
BRDA:642,135,0,0
BRDA:642,135,1,0
BRDA:642,136,0,0
BRDA:642,136,1,0
BRDA:642,137,0,0
BRDA:642,137,1,0
BRDA:642,138,0,0
BRDA:642,138,1,0
BRDA:645,139,0,0
BRDA:645,139,1,0
BRDA:647,140,0,0
BRDA:647,140,1,0
BRDA:651,141,0,0
BRDA:651,141,1,0
BRDA:652,142,0,0
BRDA:652,142,1,0
BRDA:656,143,0,0
BRDA:656,143,1,0
BRDA:656,144,0,0
BRDA:656,144,1,0
BRDA:656,145,0,0
BRDA:656,145,1,0
BRDA:664,146,0,0
BRDA:664,146,1,0
BRDA:674,147,0,0
BRDA:674,147,1,0
BRDA:678,148,0,0
BRDA:678,148,1,0
BRDA:679,149,0,0
BRDA:679,149,1,0
BRDA:692,150,0,0
BRDA:692,150,1,0
BRDA:692,151,0,0
BRDA:692,151,1,0
BRDA:693,152,0,0
BRDA:693,152,1,0
BRDA:697,153,0,0
BRDA:697,153,1,0
BRDA:697,154,0,0
BRDA:697,154,1,0
BRDA:697,155,0,0
BRDA:697,155,1,0
BRDA:697,156,0,0
BRDA:697,156,1,0
BRDA:709,157,0,0
BRDA:709,157,1,0
BRDA:717,158,0,0
BRDA:717,158,1,0
BRDA:718,159,0,0
BRDA:718,159,1,0
BRDA:718,160,0,0
BRDA:718,160,1,0
BRDA:723,161,0,0
BRDA:723,161,1,0
BRDA:729,162,0,0
BRDA:729,162,1,0
BRDA:750,163,0,0
BRDA:750,163,1,0
BRF:320
BRH:0
end_of_record
TN:
SF:src/controllers/auth.controller.ts
FN:15,(anonymous_6)
FN:23,(anonymous_7)
FN:97,(anonymous_8)
FN:150,(anonymous_9)
FN:185,(anonymous_10)
FN:209,(anonymous_11)
FN:274,(anonymous_12)
FN:319,(anonymous_13)
FNF:8
FNH:0
FNDA:0,(anonymous_6)
FNDA:0,(anonymous_7)
FNDA:0,(anonymous_8)
FNDA:0,(anonymous_9)
FNDA:0,(anonymous_10)
FNDA:0,(anonymous_11)
FNDA:0,(anonymous_12)
FNDA:0,(anonymous_13)
DA:2,1
DA:3,1
DA:4,1
DA:5,1
DA:6,1
DA:7,1
DA:8,1
DA:15,1
DA:16,0
DA:17,0
DA:19,0
DA:22,1
DA:23,1
DA:24,0
DA:25,0
DA:27,0
DA:28,0
DA:32,0
DA:34,0
DA:35,0
DA:37,0
DA:38,0
DA:41,0
DA:42,0
DA:43,0
DA:46,0
DA:47,0
DA:51,0
DA:52,0
DA:53,0
DA:57,0
DA:60,0
DA:61,0
DA:67,0
DA:70,0
DA:73,0
DA:80,0
DA:89,0
DA:90,0
DA:97,1
DA:98,0
DA:99,0
DA:102,0
DA:103,0
DA:107,0
DA:114,0
DA:115,0
DA:116,0
DA:117,0
DA:118,0
DA:119,0
DA:120,0
DA:121,0
DA:125,0
DA:127,0
DA:129,0
DA:131,0
DA:132,0
DA:136,0
DA:137,0
DA:138,0
DA:139,0
DA:140,0
DA:141,0
DA:142,0
DA:143,0
DA:146,0
DA:147,0
DA:148,0
DA:150,0
DA:155,0
DA:156,0
DA:159,0
DA:171,0
DA:177,0
DA:178,0
DA:185,1
DA:186,0
DA:188,0
DA:190,0
DA:192,0
DA:193,0
DA:196,0
DA:199,0
DA:201,0
DA:202,0
DA:209,1
DA:210,0
DA:211,0
DA:213,0
DA:214,0
DA:218,0
DA:219,0
DA:225,0
DA:226,0
DA:228,0
DA:230,0
DA:234,0
DA:235,0
DA:236,0
DA:240,0
DA:243,0
DA:244,0
DA:245,0
DA:246,0
DA:247,0
DA:248,0
DA:250,0
DA:253,0
DA:260,0
DA:266,0
DA:267,0
DA:274,1
DA:275,0
DA:276,0
DA:278,0
DA:279,0
DA:282,0
DA:283,0
DA:286,0
DA:288,0
DA:289,0
DA:291,0
DA:300,0
DA:301,0
DA:303,0
DA:305,0
DA:311,0
DA:312,0
DA:319,1
DA:320,0
DA:321,0
DA:323,0
DA:324,0
DA:327,0
DA:328,0
DA:338,0
DA:340,0
DA:342,0
DA:343,0
DA:347,0
DA:348,0
DA:354,0
DA:356,0
DA:358,0
DA:359,0
LF:146
LH:15
BRDA:16,0,0,0
BRDA:16,0,1,0
BRDA:27,1,0,0
BRDA:27,1,1,0
BRDA:27,2,0,0
BRDA:27,2,1,0
BRDA:37,3,0,0
BRDA:37,3,1,0
BRDA:42,4,0,0
BRDA:42,4,1,0
BRDA:46,5,0,0
BRDA:46,5,1,0
BRDA:51,6,0,0
BRDA:51,6,1,0
BRDA:51,7,0,0
BRDA:51,7,1,0
BRDA:92,8,0,0
BRDA:92,8,1,0
BRDA:102,9,0,0
BRDA:102,9,1,0
BRDA:115,10,0,0
BRDA:115,10,1,0
BRDA:115,11,0,0
BRDA:115,11,1,0
BRDA:116,12,0,0
BRDA:116,12,1,0
BRDA:117,13,0,0
BRDA:117,13,1,0
BRDA:118,14,0,0
BRDA:118,14,1,0
BRDA:119,15,0,0
BRDA:119,15,1,0
BRDA:120,16,0,0
BRDA:120,16,1,0
BRDA:131,17,0,0
BRDA:131,17,1,0
BRDA:147,18,0,0
BRDA:147,18,1,0
BRDA:180,19,0,0
BRDA:180,19,1,0
BRDA:188,20,0,0
BRDA:188,20,1,0
BRDA:188,21,0,0
BRDA:188,21,1,0
BRDA:188,22,0,0
BRDA:188,22,1,0
BRDA:188,23,0,0
BRDA:188,23,1,0
BRDA:188,24,0,0
BRDA:188,24,1,0
BRDA:190,25,0,0
BRDA:190,25,1,0
BRDA:204,26,0,0
BRDA:204,26,1,0
BRDA:211,27,0,0
BRDA:211,27,1,0
BRDA:211,28,0,0
BRDA:211,28,1,0
BRDA:211,29,0,0
BRDA:211,29,1,0
BRDA:213,30,0,0
BRDA:213,30,1,0
BRDA:225,31,0,0
BRDA:225,31,1,0
BRDA:225,32,0,0
BRDA:225,32,1,0
BRDA:226,33,0,0
BRDA:226,33,1,0
BRDA:235,34,0,0
BRDA:235,34,1,0
BRDA:269,35,0,0
BRDA:269,35,1,0
BRDA:278,36,0,0
BRDA:278,36,1,0
BRDA:286,37,0,0
BRDA:286,37,1,0
BRDA:288,38,0,0
BRDA:288,38,1,0
BRDA:301,39,0,0
BRDA:301,39,1,0
BRDA:308,40,0,0
BRDA:308,40,1,0
BRDA:314,41,0,0
BRDA:314,41,1,0
BRDA:323,42,0,0
BRDA:323,42,1,0
BRDA:323,43,0,0
BRDA:323,43,1,0
BRDA:327,44,0,0
BRDA:327,44,1,0
BRDA:342,45,0,0
BRDA:342,45,1,0
BRDA:361,46,0,0
BRDA:361,46,1,0
BRF:94
BRH:0
end_of_record
TN:
SF:src/controllers/department.controller.ts
FN:8,(anonymous_0)
FN:38,(anonymous_1)
FN:60,(anonymous_2)
FN:82,(anonymous_3)
FN:101,(anonymous_4)
FN:120,(anonymous_5)
FNF:6
FNH:0
FNDA:0,(anonymous_0)
FNDA:0,(anonymous_1)
FNDA:0,(anonymous_2)
FNDA:0,(anonymous_3)
FNDA:0,(anonymous_4)
FNDA:0,(anonymous_5)
DA:2,1
DA:3,1
DA:4,1
DA:6,1
DA:8,1
DA:9,0
DA:10,0
DA:11,0
DA:12,0
DA:13,0
DA:15,0
DA:16,0
DA:17,0
DA:18,0
DA:21,0
DA:22,0
DA:29,0
DA:30,0
DA:32,0
DA:33,0
DA:38,1
DA:39,0
DA:40,0
DA:42,0
DA:43,0
DA:48,0
DA:49,0
DA:52,0
DA:54,0
DA:55,0
DA:60,1
DA:61,0
DA:62,0
DA:64,0
DA:65,0
DA:70,0
DA:71,0
DA:74,0
DA:76,0
DA:77,0
DA:82,1
DA:83,0
DA:84,0
DA:85,0
DA:86,0
DA:87,0
DA:92,0
DA:93,0
DA:95,0
DA:96,0
DA:101,1
DA:102,0
DA:103,0
DA:104,0
DA:105,0
DA:106,0
DA:107,0
DA:108,0
DA:109,0
DA:110,0
DA:111,0
DA:112,0
DA:114,0
DA:115,0
DA:120,1
DA:121,0
DA:122,0
DA:123,0
DA:124,0
DA:125,0
DA:126,0
DA:127,0
DA:128,0
DA:129,0
DA:130,0
DA:132,0
DA:133,0
LF:77
LH:10
BRDA:10,0,0,0
BRDA:10,0,1,0
BRDA:11,1,0,0
BRDA:11,1,1,0
BRDA:15,2,0,0
BRDA:15,2,1,0
BRDA:17,3,0,0
BRDA:17,3,1,0
BRDA:48,4,0,0
BRDA:48,4,1,0
BRDA:70,5,0,0
BRDA:70,5,1,0
BRDA:74,6,0,0
BRDA:74,6,1,0
BRDA:84,7,0,0
BRDA:84,7,1,0
BRDA:86,8,0,0
BRDA:86,8,1,0
BRDA:90,9,0,0
BRDA:90,9,1,0
BRDA:104,10,0,0
BRDA:104,10,1,0
BRDA:107,11,0,0
BRDA:107,11,1,0
BRDA:108,12,0,0
BRDA:108,12,1,0
BRDA:109,13,0,0
BRDA:109,13,1,0
BRDA:110,14,0,0
BRDA:110,14,1,0
BRDA:123,15,0,0
BRDA:123,15,1,0
BRDA:124,16,0,0
BRDA:124,16,1,0
BRDA:127,17,0,0
BRDA:127,17,1,0
BRF:36
BRH:0
end_of_record
TN:
SF:src/controllers/insurance.controller.ts
FN:9,(anonymous_0)
FN:22,(anonymous_1)
FN:35,(anonymous_2)
FN:41,(anonymous_3)
FN:57,(anonymous_4)
FN:72,(anonymous_5)
FN:86,(anonymous_6)
FN:114,(anonymous_7)
FN:127,(anonymous_8)
FNF:9
FNH:0
FNDA:0,(anonymous_0)
FNDA:0,(anonymous_1)
FNDA:0,(anonymous_2)
FNDA:0,(anonymous_3)
FNDA:0,(anonymous_4)
FNDA:0,(anonymous_5)
FNDA:0,(anonymous_6)
FNDA:0,(anonymous_7)
FNDA:0,(anonymous_8)
DA:2,1
DA:3,1
DA:4,1
DA:5,1
DA:6,1
DA:8,1
DA:9,1
DA:10,0
DA:11,0
DA:12,0
DA:13,0
DA:14,0
DA:15,0
DA:17,0
DA:18,0
DA:22,1
DA:23,0
DA:24,0
DA:25,0
DA:26,0
DA:27,0
DA:28,0
DA:30,0
DA:31,0
DA:35,1
DA:36,0
DA:37,0
DA:38,0
DA:39,0
DA:40,0
DA:41,0
DA:50,0
DA:52,0
DA:53,0
DA:57,1
DA:58,0
DA:59,0
DA:60,0
DA:61,0
DA:62,0
DA:63,0
DA:64,0
DA:65,0
DA:67,0
DA:68,0
DA:72,1
DA:73,0
DA:75,0
DA:76,0
DA:77,0
DA:78,0
DA:79,0
DA:81,0
DA:82,0
DA:86,1
DA:87,0
DA:88,0
DA:89,0
DA:90,0
DA:91,0
DA:93,0
DA:94,0
DA:95,0
DA:96,0
DA:98,0
DA:105,0
DA:106,0
DA:107,0
DA:109,0
DA:110,0
DA:114,1
DA:115,0
DA:116,0
DA:117,0
DA:118,0
DA:119,0
DA:120,0
DA:122,0
DA:123,0
DA:127,1
DA:128,0
DA:129,0
DA:130,0
DA:132,0
DA:137,0
DA:139,0
DA:140,0
LF:87
LH:14
BRDA:12,0,0,0
BRDA:12,0,1,0
BRDA:12,1,0,0
BRDA:12,1,1,0
BRDA:12,2,0,0
BRDA:12,2,1,0
BRDA:13,3,0,0
BRDA:13,3,1,0
BRDA:13,4,0,0
BRDA:13,4,1,0
BRDA:25,5,0,0
BRDA:25,5,1,0
BRDA:25,6,0,0
BRDA:25,6,1,0
BRDA:25,7,0,0
BRDA:25,7,1,0
BRDA:26,8,0,0
BRDA:26,8,1,0
BRDA:26,9,0,0
BRDA:26,9,1,0
BRDA:37,10,0,0
BRDA:37,11,0,0
BRDA:37,11,1,0
BRDA:39,12,0,0
BRDA:39,12,1,0
BRDA:39,13,0,0
BRDA:39,13,1,0
BRDA:48,14,0,0
BRDA:48,14,1,0
BRDA:59,15,0,0
BRDA:59,16,0,0
BRDA:59,17,0,0
BRDA:59,18,0,0
BRDA:59,18,1,0
BRDA:60,19,0,0
BRDA:60,19,1,0
BRDA:61,20,0,0
BRDA:61,20,1,0
BRDA:63,21,0,0
BRDA:63,21,1,0
BRDA:76,22,0,0
BRDA:76,22,1,0
BRDA:76,23,0,0
BRDA:76,23,1,0
BRDA:76,24,0,0
BRDA:76,24,1,0
BRDA:77,25,0,0
BRDA:77,25,1,0
BRDA:77,26,0,0
BRDA:77,26,1,0
BRDA:88,27,0,0
BRDA:88,27,1,0
BRDA:88,28,0,0
BRDA:88,28,1,0
BRDA:89,29,0,0
BRDA:89,29,1,0
BRDA:90,30,0,0
BRDA:90,31,0,0
BRDA:90,31,1,0
BRDA:91,32,0,0
BRDA:91,32,1,0
BRDA:96,33,0,0
BRDA:96,33,1,0
BRDA:106,34,0,0
BRDA:106,34,1,0
BRDA:106,35,0,0
BRDA:106,35,1,0
BRDA:106,36,0,0
BRDA:106,36,1,0
BRDA:106,37,0,0
BRDA:106,37,1,0
BRDA:106,38,0,0
BRDA:106,38,1,0
BRDA:116,39,0,0
BRDA:116,39,1,0
BRDA:116,40,0,0
BRDA:116,40,1,0
BRDA:117,41,0,0
BRDA:117,41,1,0
BRDA:129,42,0,0
BRDA:129,42,1,0
BRDA:129,43,0,0
BRDA:129,43,1,0
BRDA:130,44,0,0
BRDA:130,44,1,0
BRF:85
BRH:0
end_of_record
TN:
SF:src/controllers/referral.controller.ts
FN:9,(anonymous_0)
FN:38,(anonymous_1)
FN:51,(anonymous_2)
FN:77,(anonymous_3)
FNF:4
FNH:0
FNDA:0,(anonymous_0)
FNDA:0,(anonymous_1)
FNDA:0,(anonymous_2)
FNDA:0,(anonymous_3)
DA:2,1
DA:3,1
DA:4,1
DA:5,1
DA:6,1
DA:8,1
DA:9,1
DA:10,0
DA:11,0
DA:12,0
DA:14,0
DA:15,0
DA:16,0
DA:17,0
DA:19,0
DA:20,0
DA:21,0
DA:22,0
DA:24,0
DA:25,0
DA:27,0
DA:28,0
DA:29,0
DA:30,0
DA:31,0
DA:33,0
DA:34,0
DA:38,1
DA:39,0
DA:40,0
DA:41,0
DA:42,0
DA:43,0
DA:45,0
DA:46,0
DA:51,1
DA:52,0
DA:53,0
DA:54,0
DA:55,0
DA:56,0
DA:57,0
DA:58,0
DA:59,0
DA:60,0
DA:61,0
DA:62,0
DA:63,0
DA:64,0
DA:65,0
DA:66,0
DA:67,0
DA:68,0
DA:69,0
DA:71,0
DA:72,0
DA:77,1
DA:78,0
DA:79,0
DA:80,0
DA:81,0
DA:82,0
DA:83,0
DA:84,0
DA:85,0
DA:86,0
DA:88,0
DA:89,0
LF:68
LH:10
BRDA:10,0,0,0
BRDA:10,0,1,0
BRDA:11,1,0,0
BRDA:11,1,1,0
BRDA:11,2,0,0
BRDA:11,2,1,0
BRDA:20,3,0,0
BRDA:20,3,1,0
BRDA:22,4,0,0
BRDA:22,4,1,0
BRDA:25,5,0,0
BRDA:25,5,1,0
BRDA:52,6,0,0
BRDA:52,6,1,0
BRDA:52,7,0,0
BRDA:52,7,1,0
BRDA:54,8,0,0
BRDA:54,8,1,0
BRDA:55,9,0,0
BRDA:55,9,1,0
BRDA:56,10,0,0
BRDA:56,10,1,0
BRDA:56,11,0,0
BRDA:56,11,1,0
BRDA:59,12,0,0
BRDA:59,12,1,0
BRDA:61,13,0,0
BRDA:61,13,1,0
BRDA:64,14,0,0
BRDA:64,14,1,0
BRDA:78,15,0,0
BRDA:78,15,1,0
BRDA:78,16,0,0
BRDA:78,16,1,0
BRDA:80,17,0,0
BRDA:80,17,1,0
BRDA:83,18,0,0
BRDA:83,18,1,0
BRF:38
BRH:0
end_of_record
TN:
SF:src/controllers/report.controller.ts
FN:7,(anonymous_0)
FN:19,(anonymous_1)
FN:32,(anonymous_2)
FNF:3
FNH:0
FNDA:0,(anonymous_0)
FNDA:0,(anonymous_1)
FNDA:0,(anonymous_2)
DA:2,1
DA:3,1
DA:4,1
DA:6,1
DA:7,1
DA:8,0
DA:9,0
DA:10,0
DA:11,0
DA:12,0
DA:14,0
DA:15,0
DA:19,1
DA:20,0
DA:21,0
DA:22,0
DA:23,0
DA:24,0
DA:25,0
DA:27,0
DA:28,0
DA:32,1
DA:33,0
DA:34,0
DA:35,0
DA:36,0
DA:37,0
DA:38,0
DA:39,0
DA:40,0
DA:41,0
DA:42,0
DA:43,0
DA:44,0
DA:45,0
DA:46,0
DA:48,0
DA:49,0
LF:38
LH:7
BRDA:24,0,0,0
BRDA:24,0,1,0
BRDA:33,1,0,0
BRDA:33,2,0,0
BRDA:33,2,1,0
BRDA:34,3,0,0
BRDA:34,3,1,0
BRDA:34,4,0,0
BRDA:34,4,1,0
BRDA:39,5,0,0
BRDA:39,5,1,0
BRDA:44,6,0,0
BRDA:44,6,1,0
BRF:13
BRH:0
end_of_record
TN:
SF:src/controllers/service.controller.ts
FN:8,(anonymous_0)
FN:61,(anonymous_1)
FN:73,(anonymous_2)
FN:74,(anonymous_3)
FN:86,(anonymous_4)
FN:108,(anonymous_5)
FN:126,(anonymous_6)
FN:152,(anonymous_7)
FN:182,(anonymous_8)
FN:215,(anonymous_9)
FNF:10
FNH:1
FNDA:1,(anonymous_0)
FNDA:0,(anonymous_1)
FNDA:0,(anonymous_2)
FNDA:0,(anonymous_3)
FNDA:0,(anonymous_4)
FNDA:0,(anonymous_5)
FNDA:0,(anonymous_6)
FNDA:0,(anonymous_7)
FNDA:0,(anonymous_8)
FNDA:0,(anonymous_9)
DA:2,1
DA:3,1
DA:4,1
DA:6,1
DA:8,1
DA:9,1
DA:10,1
DA:11,1
DA:12,1
DA:14,1
DA:15,1
DA:20,1
DA:21,0
DA:28,1
DA:29,1
DA:30,0
DA:34,1
DA:35,0
DA:38,1
DA:39,0
DA:40,0
DA:41,0
DA:43,0
DA:47,1
DA:52,1
DA:53,1
DA:55,0
DA:56,0
DA:61,1
DA:62,0
DA:63,0
DA:64,0
DA:72,0
DA:73,0
DA:74,0
DA:80,0
DA:81,0
DA:86,1
DA:87,0
DA:88,0
DA:90,0
DA:91,0
DA:96,0
DA:97,0
DA:100,0
DA:102,0
DA:103,0
DA:108,1
DA:109,0
DA:110,0
DA:112,0
DA:113,0
DA:118,0
DA:120,0
DA:121,0
DA:126,1
DA:127,0
DA:128,0
DA:130,0
DA:131,0
DA:134,0
DA:135,0
DA:144,0
DA:146,0
DA:147,0
DA:152,1
DA:153,0
DA:154,0
DA:155,0
DA:156,0
DA:157,0
DA:158,0
DA:159,0
DA:160,0
DA:161,0
DA:163,0
DA:171,0
DA:172,0
DA:173,0
DA:174,0
DA:176,0
DA:177,0
DA:182,1
DA:183,0
DA:184,0
DA:185,0
DA:186,0
DA:187,0
DA:188,0
DA:189,0
DA:190,0
DA:191,0
DA:192,0
DA:193,0
DA:194,0
DA:195,0
DA:196,0
DA:197,0
DA:198,0
DA:199,0
DA:201,0
DA:202,0
DA:205,0
DA:206,0
DA:207,0
DA:209,0
DA:210,0
DA:215,1
DA:216,0
DA:217,0
DA:218,0
DA:219,0
DA:220,0
DA:221,0
DA:222,0
DA:223,0
DA:224,0
DA:225,0
DA:227,0
DA:228,0
LF:120
LH:26
BRDA:11,0,0,1
BRDA:11,0,1,1
BRDA:12,1,0,1
BRDA:12,1,1,1
BRDA:20,2,0,0
BRDA:20,2,1,1
BRDA:28,3,0,1
BRDA:28,3,1,1
BRDA:29,4,0,0
BRDA:29,4,1,1
BRDA:34,5,0,0
BRDA:34,5,1,1
BRDA:38,6,0,0
BRDA:38,6,1,1
BRDA:40,7,0,0
BRDA:40,7,1,0
BRDA:73,8,0,0
BRDA:73,8,1,0
BRDA:75,9,0,0
BRDA:75,9,1,0
BRDA:76,10,0,0
BRDA:76,10,1,0
BRDA:77,11,0,0
BRDA:77,11,1,0
BRDA:96,12,0,0
BRDA:96,12,1,0
BRDA:130,13,0,0
BRDA:130,13,1,0
BRDA:155,14,0,0
BRDA:155,14,1,0
BRDA:157,15,0,0
BRDA:157,15,1,0
BRDA:159,16,0,0
BRDA:159,16,1,0
BRDA:161,17,0,0
BRDA:161,17,1,0
BRDA:166,18,0,0
BRDA:166,18,1,0
BRDA:168,19,0,0
BRDA:168,19,1,0
BRDA:169,20,0,0
BRDA:169,20,1,0
BRDA:169,21,0,0
BRDA:169,21,1,0
BRDA:172,22,0,0
BRDA:172,22,1,0
BRDA:186,23,0,0
BRDA:186,23,1,0
BRDA:189,24,0,0
BRDA:189,24,1,0
BRDA:190,25,0,0
BRDA:190,25,1,0
BRDA:191,26,0,0
BRDA:191,26,1,0
BRDA:192,27,0,0
BRDA:192,27,1,0
BRDA:193,28,0,0
BRDA:193,28,1,0
BRDA:194,29,0,0
BRDA:194,29,1,0
BRDA:195,30,0,0
BRDA:195,30,1,0
BRDA:197,31,0,0
BRDA:197,31,1,0
BRDA:218,32,0,0
BRDA:218,32,1,0
BRDA:219,33,0,0
BRDA:219,33,1,0
BRDA:222,34,0,0
BRDA:222,34,1,0
BRF:70
BRH:10
end_of_record
TN:
SF:src/controllers/user.controller.ts
FN:374,(anonymous_0)
FN:9,(anonymous_1)
FN:49,(anonymous_2)
FN:109,(anonymous_3)
FN:144,(anonymous_4)
FN:153,(anonymous_5)
FN:153,(anonymous_6)
FN:153,(anonymous_7)
FN:164,(anonymous_8)
FN:240,(anonymous_9)
FN:263,(anonymous_10)
FN:281,(anonymous_11)
FN:309,(anonymous_12)
FN:315,(anonymous_13)
FN:322,(anonymous_14)
FN:332,(anonymous_15)
FN:351,(anonymous_16)
FN:397,(anonymous_17)
FN:411,(anonymous_18)
FN:443,(anonymous_19)
FN:458,(anonymous_20)
FN:474,(anonymous_21)
FN:481,(anonymous_22)
FN:483,(anonymous_23)
FN:483,(anonymous_24)
FN:483,(anonymous_25)
FN:494,(anonymous_26)
FN:514,(anonymous_27)
FNF:28
FNH:0
FNDA:0,(anonymous_0)
FNDA:0,(anonymous_1)
FNDA:0,(anonymous_2)
FNDA:0,(anonymous_3)
FNDA:0,(anonymous_4)
FNDA:0,(anonymous_5)
FNDA:0,(anonymous_6)
FNDA:0,(anonymous_7)
FNDA:0,(anonymous_8)
FNDA:0,(anonymous_9)
FNDA:0,(anonymous_10)
FNDA:0,(anonymous_11)
FNDA:0,(anonymous_12)
FNDA:0,(anonymous_13)
FNDA:0,(anonymous_14)
FNDA:0,(anonymous_15)
FNDA:0,(anonymous_16)
FNDA:0,(anonymous_17)
FNDA:0,(anonymous_18)
FNDA:0,(anonymous_19)
FNDA:0,(anonymous_20)
FNDA:0,(anonymous_21)
FNDA:0,(anonymous_22)
FNDA:0,(anonymous_23)
FNDA:0,(anonymous_24)
FNDA:0,(anonymous_25)
FNDA:0,(anonymous_26)
FNDA:0,(anonymous_27)
DA:2,1
DA:3,1
DA:4,1
DA:7,1
DA:9,1
DA:10,0
DA:17,0
DA:19,0
DA:20,0
DA:21,0
DA:23,0
DA:24,0
DA:29,0
DA:30,0
DA:31,0
DA:32,0
DA:34,0
DA:35,0
DA:40,0
DA:41,0
DA:43,0
DA:44,0
DA:49,1
DA:50,0
DA:51,0
DA:52,0
DA:53,0
DA:54,0
DA:55,0
DA:56,0
DA:57,0
DA:58,0
DA:77,0
DA:78,0
DA:83,0
DA:84,0
DA:88,0
DA:90,0
DA:100,0
DA:101,0
DA:103,0
DA:104,0
DA:109,1
DA:110,0
DA:111,0
DA:112,0
DA:113,0
DA:114,0
DA:115,0
DA:131,0
DA:132,0
DA:137,0
DA:138,0
DA:142,0
DA:143,0
DA:144,0
DA:153,0
DA:155,0
DA:156,0
DA:157,0
DA:159,0
DA:160,0
DA:164,1
DA:165,0
DA:167,0
DA:168,0
DA:171,0
DA:173,0
DA:174,0
DA:204,0
DA:206,0
DA:207,0
DA:210,0
DA:232,0
DA:234,0
DA:235,0
DA:240,1
DA:241,0
DA:242,0
DA:244,0
DA:245,0
DA:248,0
DA:250,0
DA:251,0
DA:253,0
DA:254,0
DA:258,0
DA:263,0
DA:264,0
DA:265,0
DA:269,0
DA:272,0
DA:273,0
DA:275,0
DA:276,0
DA:281,1
DA:282,0
DA:283,0
DA:285,0
DA:286,0
DA:289,0
DA:291,0
DA:292,0
DA:301,0
DA:302,0
DA:305,0
DA:308,0
DA:309,0
DA:312,0
DA:313,0
DA:314,0
DA:315,0
DA:316,0
DA:317,0
DA:322,0
DA:324,0
DA:326,0
DA:327,0
DA:332,1
DA:333,0
DA:335,0
DA:336,0
DA:341,0
DA:343,0
DA:345,0
DA:346,0
DA:351,1
DA:352,0
DA:353,0
DA:354,0
DA:355,0
DA:356,0
DA:357,0
DA:358,0
DA:359,0
DA:360,0
DA:361,0
DA:364,0
DA:365,0
DA:366,0
DA:368,0
DA:369,0
DA:381,0
DA:382,0
DA:383,0
DA:384,0
DA:385,0
DA:386,0
DA:388,0
DA:389,0
DA:393,0
DA:397,1
DA:398,0
DA:399,0
DA:400,0
DA:401,0
DA:402,0
DA:403,0
DA:405,0
DA:406,0
DA:411,1
DA:412,0
DA:413,0
DA:414,0
DA:415,0
DA:416,0
DA:418,0
DA:419,0
DA:421,0
DA:422,0
DA:423,0
DA:424,0
DA:425,0
DA:426,0
DA:427,0
DA:428,0
DA:429,0
DA:431,0
DA:432,0
DA:433,0
DA:434,0
DA:435,0
DA:437,0
DA:438,0
DA:443,1
DA:444,0
DA:445,0
DA:446,0
DA:447,0
DA:448,0
DA:449,0
DA:450,0
DA:452,0
DA:453,0
DA:458,1
DA:459,0
DA:460,0
DA:461,0
DA:462,0
DA:463,0
DA:464,0
DA:465,0
DA:466,0
DA:468,0
DA:469,0
DA:474,1
DA:475,0
DA:476,0
DA:477,0
DA:478,0
DA:479,0
DA:481,0
DA:483,0
DA:484,0
DA:485,0
DA:486,0
DA:488,0
DA:489,0
DA:494,1
DA:495,0
DA:496,0
DA:497,0
DA:498,0
DA:499,0
DA:500,0
DA:501,0
DA:503,0
DA:504,0
DA:505,0
DA:506,0
DA:508,0
DA:509,0
DA:514,1
DA:515,0
DA:516,0
DA:517,0
DA:518,0
DA:519,0
DA:520,0
DA:521,0
DA:522,0
DA:523,0
DA:524,0
DA:525,0
DA:526,0
DA:528,0
DA:529,0
LF:247
LH:19
BRDA:374,0,0,0
BRDA:377,1,0,0
BRDA:379,2,0,0
BRDA:380,3,0,0
BRDA:381,4,0,0
BRDA:381,4,1,0
BRDA:382,5,0,0
BRDA:382,5,1,0
BRDA:383,6,0,0
BRDA:383,6,1,0
BRDA:384,7,0,0
BRDA:384,7,1,0
BRDA:385,8,0,0
BRDA:385,8,1,0
BRDA:386,9,0,0
BRDA:386,9,1,0
BRDA:388,10,0,0
BRDA:388,10,1,0
BRDA:12,11,0,0
BRDA:13,12,0,0
BRDA:15,13,0,0
BRDA:19,14,0,0
BRDA:19,14,1,0
BRDA:20,15,0,0
BRDA:20,15,1,0
BRDA:29,16,0,0
BRDA:29,16,1,0
BRDA:30,17,0,0
BRDA:30,17,1,0
BRDA:31,18,0,0
BRDA:31,18,1,0
BRDA:32,19,0,0
BRDA:32,19,1,0
BRDA:34,20,0,0
BRDA:34,20,1,0
BRDA:50,21,0,0
BRDA:50,21,1,0
BRDA:50,22,0,0
BRDA:50,22,1,0
BRDA:51,23,0,0
BRDA:51,24,0,0
BRDA:51,25,0,0
BRDA:52,26,0,0
BRDA:52,26,1,0
BRDA:53,27,0,0
BRDA:53,27,1,0
BRDA:54,28,0,0
BRDA:54,28,1,0
BRDA:77,29,0,0
BRDA:77,29,1,0
BRDA:77,30,0,0
BRDA:77,30,1,0
BRDA:83,31,0,0
BRDA:83,31,1,0
BRDA:95,32,0,0
BRDA:95,32,1,0
BRDA:95,33,0,0
BRDA:95,33,1,0
BRDA:95,34,0,0
BRDA:95,34,1,0
BRDA:95,35,0,0
BRDA:95,35,1,0
BRDA:100,36,0,0
BRDA:100,36,1,0
BRDA:100,37,0,0
BRDA:100,37,1,0
BRDA:100,38,0,0
BRDA:100,38,1,0
BRDA:110,39,0,0
BRDA:110,39,1,0
BRDA:110,40,0,0
BRDA:110,40,1,0
BRDA:111,41,0,0
BRDA:112,42,0,0
BRDA:112,42,1,0
BRDA:131,43,0,0
BRDA:131,43,1,0
BRDA:131,44,0,0
BRDA:131,44,1,0
BRDA:137,45,0,0
BRDA:137,45,1,0
BRDA:145,46,0,0
BRDA:145,46,1,0
BRDA:145,47,0,0
BRDA:145,47,1,0
BRDA:145,48,0,0
BRDA:145,48,1,0
BRDA:145,49,0,0
BRDA:145,49,1,0
BRDA:146,50,0,0
BRDA:146,50,1,0
BRDA:146,51,0,0
BRDA:146,51,1,0
BRDA:146,52,0,0
BRDA:146,52,1,0
BRDA:146,53,0,0
BRDA:146,53,1,0
BRDA:147,54,0,0
BRDA:147,54,1,0
BRDA:147,55,0,0
BRDA:147,55,1,0
BRDA:148,56,0,0
BRDA:148,56,1,0
BRDA:148,57,0,0
BRDA:148,57,1,0
BRDA:149,58,0,0
BRDA:149,58,1,0
BRDA:149,59,0,0
BRDA:149,59,1,0
BRDA:149,60,0,0
BRDA:149,60,1,0
BRDA:149,61,0,0
BRDA:149,61,1,0
BRDA:149,62,0,0
BRDA:149,62,1,0
BRDA:149,63,0,0
BRDA:149,63,1,0
BRDA:149,64,0,0
BRDA:149,64,1,0
BRDA:150,65,0,0
BRDA:150,65,1,0
BRDA:150,66,0,0
BRDA:150,66,1,0
BRDA:150,67,0,0
BRDA:150,67,1,0
BRDA:150,68,0,0
BRDA:150,68,1,0
BRDA:150,69,0,0
BRDA:150,69,1,0
BRDA:150,70,0,0
BRDA:150,70,1,0
BRDA:150,71,0,0
BRDA:150,71,1,0
BRDA:151,72,0,0
BRDA:151,72,1,0
BRDA:151,73,0,0
BRDA:151,73,1,0
BRDA:151,74,0,0
BRDA:151,74,1,0
BRDA:151,75,0,0
BRDA:151,75,1,0
BRDA:153,76,0,0
BRDA:153,76,1,0
BRDA:153,77,0,0
BRDA:153,77,1,0
BRDA:165,78,0,0
BRDA:165,78,1,0
BRDA:165,79,0,0
BRDA:165,79,1,0
BRDA:167,80,0,0
BRDA:167,80,1,0
BRDA:206,81,0,0
BRDA:206,81,1,0
BRDA:228,82,0,0
BRDA:228,82,1,0
BRDA:229,83,0,0
BRDA:229,83,1,0
BRDA:241,84,0,0
BRDA:241,84,1,0
BRDA:241,85,0,0
BRDA:241,85,1,0
BRDA:244,86,0,0
BRDA:244,86,1,0
BRDA:253,87,0,0
BRDA:253,87,1,0
BRDA:264,88,0,0
BRDA:264,88,1,0
BRDA:282,89,0,0
BRDA:282,89,1,0
BRDA:282,90,0,0
BRDA:282,90,1,0
BRDA:285,91,0,0
BRDA:285,91,1,0
BRDA:301,92,0,0
BRDA:301,92,1,0
BRDA:305,93,0,0
BRDA:305,93,1,0
BRDA:308,94,0,0
BRDA:308,94,1,0
BRDA:312,95,0,0
BRDA:312,95,1,0
BRDA:312,96,0,0
BRDA:312,96,1,0
BRDA:317,97,0,0
BRDA:317,97,1,0
BRDA:333,98,0,0
BRDA:333,98,1,0
BRDA:333,99,0,0
BRDA:333,99,1,0
BRDA:335,100,0,0
BRDA:335,100,1,0
BRDA:353,101,0,0
BRDA:353,101,1,0
BRDA:357,102,0,0
BRDA:357,102,1,0
BRDA:360,103,0,0
BRDA:360,103,1,0
BRDA:402,104,0,0
BRDA:402,104,1,0
BRDA:414,105,0,0
BRDA:414,106,0,0
BRDA:414,107,0,0
BRDA:414,107,1,0
BRDA:415,108,0,0
BRDA:415,108,1,0
BRDA:415,109,0,0
BRDA:415,109,1,0
BRDA:415,109,2,0
BRDA:418,110,0,0
BRDA:418,110,1,0
BRDA:418,111,0,0
BRDA:418,111,1,0
BRDA:422,112,0,0
BRDA:422,112,1,0
BRDA:432,113,0,0
BRDA:432,113,1,0
BRDA:448,114,0,0
BRDA:448,114,1,0
BRDA:459,115,0,0
BRDA:459,115,1,0
BRDA:460,116,0,0
BRDA:460,116,1,0
BRDA:460,117,0,0
BRDA:460,117,1,0
BRDA:464,118,0,0
BRDA:464,118,1,0
BRDA:477,119,0,0
BRDA:477,119,1,0
BRDA:481,120,0,0
BRDA:481,120,1,0
BRDA:481,121,0,0
BRDA:481,121,1,0
BRDA:481,122,0,0
BRDA:481,122,1,0
BRDA:481,123,0,0
BRDA:481,123,1,0
BRDA:481,124,0,0
BRDA:481,124,1,0
BRDA:481,125,0,0
BRDA:481,125,1,0
BRDA:481,126,0,0
BRDA:481,126,1,0
BRDA:481,127,0,0
BRDA:481,127,1,0
BRDA:481,128,0,0
BRDA:481,128,1,0
BRDA:483,129,0,0
BRDA:483,129,1,0
BRDA:483,130,0,0
BRDA:483,130,1,0
BRDA:497,131,0,0
BRDA:497,131,1,0
BRDA:501,132,0,0
BRDA:501,132,1,0
BRDA:515,133,0,0
BRDA:515,133,1,0
BRDA:515,134,0,0
BRDA:515,134,1,0
BRDA:517,135,0,0
BRDA:517,135,1,0
BRDA:518,136,0,0
BRDA:518,136,1,0
BRDA:522,137,0,0
BRDA:522,137,1,0
BRF:264
BRH:0
end_of_record
TN:
SF:src/dto/create-appointment.dto.ts
FNF:0
FNH:0
DA:1,1
DA:2,1
DA:4,1
DA:5,1
DA:9,1
DA:13,1
DA:17,1
DA:21,1
DA:25,1
DA:30,1
DA:37,1
DA:38,1
DA:42,1
DA:46,1
DA:50,1
DA:54,1
LF:16
LH:16
BRF:0
BRH:0
end_of_record
TN:
SF:src/dto/update-user.dto.ts
FNF:0
FNH:0
DA:1,1
DA:2,1
DA:3,1
DA:5,1
DA:6,1
DA:10,1
DA:14,1
DA:18,1
DA:22,1
DA:26,1
DA:30,1
DA:40,1
DA:44,1
DA:48,1
LF:14
LH:14
BRF:0
BRH:0
end_of_record
TN:
SF:src/enums/gender.enum.ts
FN:1,(anonymous_0)
FNF:1
FNH:1
FNDA:1,(anonymous_0)
DA:1,1
DA:2,1
DA:3,1
DA:4,1
DA:5,1
LF:5
LH:5
BRDA:1,0,0,1
BRDA:1,0,1,1
BRF:2
BRH:2
end_of_record
TN:
SF:src/exceptions/http.exception.ts
FN:2,(anonymous_0)
FN:10,(anonymous_1)
FN:16,(anonymous_2)
FN:22,(anonymous_3)
FN:28,(anonymous_4)
FN:34,(anonymous_5)
FNF:6
FNH:0
FNDA:0,(anonymous_0)
FNDA:0,(anonymous_1)
FNDA:0,(anonymous_2)
FNDA:0,(anonymous_3)
FNDA:0,(anonymous_4)
FNDA:0,(anonymous_5)
DA:1,1
DA:2,0
DA:3,0
DA:4,0
DA:5,0
DA:9,1
DA:11,0
DA:15,1
DA:17,0
DA:21,1
DA:23,0
DA:27,1
DA:29,0
DA:33,1
DA:35,0
LF:15
LH:6
BRDA:10,0,0,0
BRDA:16,1,0,0
BRDA:22,2,0,0
BRDA:28,3,0,0
BRDA:34,4,0,0
BRF:5
BRH:0
end_of_record
TN:
SF:src/middleware/access.middleware.ts
FN:14,canDoctorAccessPatient
FN:53,enforcePatientReportAccess
FN:54,(anonymous_2)
FNF:3
FNH:1
FNDA:0,canDoctorAccessPatient
FNDA:3,enforcePatientReportAccess
FNDA:0,(anonymous_2)
DA:2,1
DA:3,1
DA:4,1
DA:5,1
DA:6,1
DA:14,1
DA:15,0
DA:16,0
DA:17,0
DA:19,0
DA:20,0
DA:22,0
DA:23,0
DA:26,0
DA:27,0
DA:31,0
DA:32,0
DA:33,0
DA:37,0
DA:44,0
DA:46,0
DA:53,1
DA:54,3
DA:55,0
DA:56,0
DA:57,0
DA:58,0
DA:60,0
DA:61,0
DA:62,0
DA:64,0
DA:65,0
DA:66,0
DA:68,0
DA:69,0
LF:35
LH:8
BRDA:22,0,0,0
BRDA:22,0,1,0
BRDA:22,1,0,0
BRDA:22,1,1,0
BRDA:23,2,0,0
BRDA:23,2,1,0
BRDA:26,3,0,0
BRDA:26,3,1,0
BRDA:26,4,0,0
BRDA:26,4,1,0
BRDA:26,4,2,0
BRDA:31,5,0,0
BRDA:31,5,1,0
BRDA:33,6,0,0
BRDA:33,6,1,0
BRDA:44,7,0,0
BRDA:44,7,1,0
BRDA:56,8,0,0
BRDA:56,8,1,0
BRDA:56,9,0,0
BRDA:56,9,1,0
BRDA:57,10,0,0
BRDA:57,10,1,0
BRDA:57,11,0,0
BRDA:57,11,1,0
BRDA:57,12,0,0
BRDA:57,12,1,0
BRDA:58,13,0,0
BRDA:58,13,1,0
BRDA:60,14,0,0
BRDA:60,14,1,0
BRDA:60,15,0,0
BRDA:60,15,1,0
BRDA:62,16,0,0
BRDA:62,16,1,0
BRDA:65,17,0,0
BRDA:65,17,1,0
BRF:37
BRH:0
end_of_record
TN:
SF:src/middleware/auth.middleware.ts
FN:16,(anonymous_1)
FN:79,(anonymous_2)
FN:80,(anonymous_3)
FNF:3
FNH:1
FNDA:0,(anonymous_1)
FNDA:8,(anonymous_2)
FNDA:0,(anonymous_3)
DA:2,1
DA:3,1
DA:4,1
DA:5,1
DA:16,1
DA:17,0
DA:19,0
DA:20,0
DA:21,0
DA:23,0
DA:24,0
DA:27,0
DA:28,0
DA:29,0
DA:31,0
DA:32,0
DA:36,0
DA:38,0
DA:39,0
DA:40,0
DA:41,0
DA:44,0
DA:45,0
DA:47,0
DA:51,0
DA:52,0
DA:56,0
DA:57,0
DA:60,0
DA:61,0
DA:65,0
DA:66,0
DA:68,0
DA:69,0
DA:70,0
DA:71,0
DA:73,0
DA:79,1
DA:80,8
DA:81,0
DA:82,0
DA:85,0
DA:86,0
DA:89,0
LF:44
LH:7
BRDA:20,0,0,0
BRDA:20,0,1,0
BRDA:23,1,0,0
BRDA:23,1,1,0
BRDA:23,2,0,0
BRDA:23,2,1,0
BRDA:28,3,0,0
BRDA:28,3,1,0
BRDA:29,4,0,0
BRDA:29,4,1,0
BRDA:29,5,0,0
BRDA:29,5,1,0
BRDA:31,6,0,0
BRDA:31,6,1,0
BRDA:36,7,0,0
BRDA:36,7,1,0
BRDA:40,8,0,0
BRDA:40,8,1,0
BRDA:41,9,0,0
BRDA:41,9,1,0
BRDA:41,10,0,0
BRDA:41,10,1,0
BRDA:44,11,0,0
BRDA:44,11,1,0
BRDA:45,12,0,0
BRDA:45,12,1,0
BRDA:45,13,0,0
BRDA:45,13,1,0
BRDA:56,14,0,0
BRDA:56,14,1,0
BRDA:57,15,0,0
BRDA:57,15,1,0
BRDA:57,16,0,0
BRDA:57,16,1,0
BRDA:57,17,0,0
BRDA:57,17,1,0
BRDA:57,18,0,0
BRDA:57,18,1,0
BRDA:60,19,0,0
BRDA:60,19,1,0
BRDA:60,20,0,0
BRDA:60,20,1,0
BRDA:68,21,0,0
BRDA:68,21,1,0
BRDA:70,22,0,0
BRDA:70,22,1,0
BRDA:81,23,0,0
BRDA:81,23,1,0
BRDA:85,24,0,0
BRDA:85,24,1,0
BRF:50
BRH:0
end_of_record
TN:
SF:src/middleware/error.middleware.ts
FN:4,errorHandler
FN:5,(anonymous_1)
FN:14,errorMiddleware
FNF:3
FNH:1
FNDA:43,errorHandler
FNDA:0,(anonymous_1)
FNDA:0,errorMiddleware
DA:2,1
DA:4,1
DA:5,43
DA:6,0
DA:7,0
DA:9,0
DA:14,1
DA:20,0
DA:22,0
DA:23,0
DA:31,0
DA:32,0
DA:40,0
DA:41,0
DA:49,0
LF:15
LH:4
BRDA:22,0,0,0
BRDA:22,0,1,0
BRDA:26,1,0,0
BRDA:26,1,1,0
BRDA:31,2,0,0
BRDA:31,2,1,0
BRDA:40,3,0,0
BRDA:40,3,1,0
BRDA:44,4,0,0
BRDA:44,4,1,0
BRDA:52,5,0,0
BRDA:52,5,1,0
BRF:12
BRH:0
end_of_record
TN:
SF:src/middleware/rateLimit.middleware.ts
FN:11,rateLimit
FN:15,(anonymous_1)
FN:40,(anonymous_2)
FN:47,(anonymous_3)
FN:54,(anonymous_4)
FNF:5
FNH:1
FNDA:3,rateLimit
FNDA:0,(anonymous_1)
FNDA:0,(anonymous_2)
FNDA:0,(anonymous_3)
FNDA:0,(anonymous_4)
DA:11,1
DA:12,3
DA:13,3
DA:15,3
DA:16,0
DA:17,0
DA:19,0
DA:20,0
DA:21,0
DA:22,0
DA:25,0
DA:26,0
DA:27,0
DA:28,0
DA:29,0
DA:32,0
DA:37,1
DA:40,0
DA:44,1
DA:47,0
DA:51,1
DA:54,0
LF:22
LH:7
BRDA:17,0,0,0
BRDA:17,0,1,0
BRDA:17,0,2,0
BRDA:17,1,0,0
BRDA:17,1,1,0
BRDA:20,2,0,0
BRDA:20,2,1,0
BRDA:20,3,0,0
BRDA:20,3,1,0
BRDA:26,4,0,0
BRDA:26,4,1,0
BRDA:29,5,0,0
BRDA:29,5,1,0
BRDA:40,6,0,0
BRDA:40,6,1,0
BRDA:40,7,0,0
BRDA:40,7,1,0
BRDA:40,8,0,0
BRDA:40,8,1,0
BRDA:47,9,0,0
BRDA:47,9,1,0
BRDA:54,10,0,0
BRDA:54,10,1,0
BRDA:54,11,0,0
BRDA:54,11,1,0
BRDA:54,12,0,0
BRDA:54,12,1,0
BRDA:54,13,0,0
BRDA:54,13,1,0
BRF:29
BRH:0
end_of_record
TN:
SF:src/middleware/rbac.middleware.ts
FN:16,(anonymous_0)
FN:17,(anonymous_1)
FN:51,(anonymous_2)
FN:62,(anonymous_3)
FN:124,(anonymous_4)
FN:126,(anonymous_5)
FNF:6
FNH:1
FNDA:25,(anonymous_0)
FNDA:0,(anonymous_1)
FNDA:0,(anonymous_2)
FNDA:0,(anonymous_3)
FNDA:0,(anonymous_4)
FNDA:0,(anonymous_5)
DA:2,1
DA:3,1
DA:16,1
DA:17,25
DA:18,0
DA:20,0
DA:21,0
DA:24,0
DA:27,0
DA:28,0
DA:32,0
DA:33,0
DA:34,0
DA:35,0
DA:39,0
DA:40,0
DA:44,0
DA:45,0
DA:50,0
DA:51,0
DA:52,0
DA:55,0
DA:56,0
DA:61,0
DA:62,0
DA:63,0
DA:66,0
DA:67,0
DA:72,0
DA:75,0
DA:81,1
DA:88,1
DA:96,1
DA:104,1
DA:111,1
DA:115,1
DA:119,1
DA:124,1
DA:125,0
DA:128,0
DA:129,0
DA:133,0
LF:42
LH:12
BRDA:20,0,0,0
BRDA:20,0,1,0
BRDA:24,1,0,0
BRDA:27,2,0,0
BRDA:27,2,1,0
BRDA:32,3,0,0
BRDA:32,3,1,0
BRDA:34,4,0,0
BRDA:34,4,1,0
BRDA:39,5,0,0
BRDA:39,5,1,0
BRDA:40,6,0,0
BRDA:40,6,1,0
BRDA:44,7,0,0
BRDA:44,7,1,0
BRDA:50,8,0,0
BRDA:50,8,1,0
BRDA:50,9,0,0
BRDA:50,9,1,0
BRDA:52,10,0,0
BRDA:52,10,1,0
BRDA:55,11,0,0
BRDA:55,11,1,0
BRDA:61,12,0,0
BRDA:61,12,1,0
BRDA:61,13,0,0
BRDA:61,13,1,0
BRDA:63,14,0,0
BRDA:63,14,1,0
BRDA:66,15,0,0
BRDA:66,15,1,0
BRDA:124,16,0,0
BRDA:128,17,0,0
BRDA:128,17,1,0
BRDA:133,18,0,0
BRDA:133,18,1,0
BRF:36
BRH:0
end_of_record
TN:
SF:src/middleware/validation.middleware.ts
FN:6,validateDto
FN:7,(anonymous_1)
FN:17,(anonymous_2)
FNF:3
FNH:1
FNDA:3,validateDto
FNDA:0,(anonymous_1)
FNDA:0,(anonymous_2)
DA:2,1
DA:3,1
DA:4,1
DA:6,1
DA:7,3
DA:8,0
DA:9,0
DA:15,0
DA:16,0
DA:18,0
DA:22,0
DA:24,0
DA:25,0
LF:13
LH:5
BRDA:6,0,0,1
BRDA:15,1,0,0
BRDA:15,1,1,0
BRDA:18,2,0,0
BRDA:18,2,1,0
BRF:5
BRH:1
end_of_record
TN:
SF:src/models/Appointment.ts
FN:6,(anonymous_2)
FN:15,(anonymous_3)
FN:66,(anonymous_4)
FN:19,(anonymous_5)
FN:19,(anonymous_6)
FN:23,(anonymous_7)
FN:27,(anonymous_8)
FNF:7
FNH:1
FNDA:1,(anonymous_2)
FNDA:0,(anonymous_3)
FNDA:0,(anonymous_4)
FNDA:0,(anonymous_5)
FNDA:0,(anonymous_6)
FNDA:0,(anonymous_7)
FNDA:0,(anonymous_8)
DA:1,1
DA:2,1
DA:3,1
DA:4,1
DA:6,1
DA:7,1
DA:8,1
DA:9,1
DA:10,1
DA:11,1
DA:15,1
DA:16,1
DA:19,1
DA:23,1
DA:27,1
DA:31,1
DA:36,1
DA:41,1
DA:47,0
DA:49,1
DA:54,1
DA:59,1
DA:62,1
DA:67,0
LF:24
LH:22
BRDA:6,0,0,1
BRDA:6,0,1,1
BRF:2
BRH:2
end_of_record
TN:
SF:src/models/AvailabilitySlot.ts
FN:5,(anonymous_2)
FN:20,(anonymous_3)
FNF:2
FNH:1
FNDA:1,(anonymous_2)
FNDA:0,(anonymous_3)
DA:1,1
DA:2,1
DA:3,1
DA:5,1
DA:6,1
DA:7,1
DA:8,1
DA:9,1
DA:10,1
DA:11,1
DA:12,1
DA:16,1
DA:17,1
DA:20,1
DA:24,1
DA:31,1
DA:36,1
DA:41,1
DA:46,1
DA:51,1
DA:56,1
DA:59,1
LF:22
LH:22
BRDA:5,0,0,1
BRDA:5,0,1,1
BRF:2
BRH:2
end_of_record
TN:
SF:src/models/Bill.ts
FN:6,(anonymous_2)
FN:13,(anonymous_3)
FN:21,(anonymous_4)
FN:25,(anonymous_5)
FN:29,(anonymous_6)
FNF:5
FNH:2
FNDA:1,(anonymous_2)
FNDA:1,(anonymous_3)
FNDA:0,(anonymous_4)
FNDA:0,(anonymous_5)
FNDA:0,(anonymous_6)
DA:1,1
DA:2,1
DA:3,1
DA:4,1
DA:6,1
DA:7,1
DA:8,1
DA:9,1
DA:10,1
DA:13,1
DA:14,1
DA:15,1
DA:16,1
DA:17,1
DA:21,1
DA:22,1
DA:25,1
DA:29,1
DA:33,1
DA:38,1
DA:43,1
DA:46,0
DA:48,1
DA:54,0
DA:56,1
DA:65,1
DA:70,1
DA:79,1
DA:83,1
DA:87,1
DA:91,1
DA:94,1
LF:32
LH:30
BRDA:6,0,0,1
BRDA:6,0,1,1
BRDA:13,1,0,1
BRDA:13,1,1,1
BRF:4
BRH:4
end_of_record
TN:
SF:src/models/CallbackRequest.ts
FNF:0
FNH:0
DA:1,1
DA:4,1
DA:5,1
DA:8,1
DA:11,1
DA:14,1
DA:17,1
DA:20,1
DA:23,1
LF:9
LH:9
BRF:0
BRH:0
end_of_record
TN:
SF:src/models/Claim.ts
FN:11,(anonymous_2)
FNF:1
FNH:0
FNDA:0,(anonymous_2)
DA:1,1
DA:2,1
DA:7,1
DA:8,1
DA:11,1
DA:15,1
DA:18,1
DA:21,1
DA:24,1
DA:27,1
DA:30,1
LF:11
LH:11
BRF:0
BRH:0
end_of_record
TN:
SF:src/models/Department.ts
FN:6,(anonymous_2)
FN:44,(anonymous_3)
FN:44,(anonymous_4)
FNF:3
FNH:0
FNDA:0,(anonymous_2)
FNDA:0,(anonymous_3)
FNDA:0,(anonymous_4)
DA:1,1
DA:2,1
DA:3,1
DA:6,1
DA:7,1
DA:10,1
DA:15,1
DA:20,1
DA:25,1
DA:30,1
DA:35,1
DA:40,1
DA:42,0
DA:44,1
DA:47,1
DA:50,1
LF:16
LH:15
BRF:0
BRH:0
end_of_record
TN:
SF:src/models/EmergencyRequest.ts
FNF:0
FNH:0
DA:1,1
DA:4,1
DA:5,1
DA:8,1
DA:11,1
DA:14,1
DA:17,1
DA:20,1
LF:8
LH:8
BRF:0
BRH:0
end_of_record
TN:
SF:src/models/MedicalRecord.ts
FN:5,(anonymous_2)
FN:14,(anonymous_3)
FN:18,(anonymous_4)
FN:22,(anonymous_5)
FNF:4
FNH:1
FNDA:1,(anonymous_2)
FNDA:0,(anonymous_3)
FNDA:0,(anonymous_4)
FNDA:0,(anonymous_5)
DA:1,1
DA:2,1
DA:3,1
DA:5,1
DA:6,1
DA:7,1
DA:8,1
DA:9,1
DA:10,1
DA:14,1
DA:15,1
DA:18,1
DA:22,1
DA:26,1
DA:31,0
DA:33,1
DA:38,1
DA:43,1
DA:48,1
DA:53,1
DA:58,1
DA:63,1
DA:67,1
DA:70,1
LF:24
LH:23
BRDA:5,0,0,1
BRDA:5,0,1,1
BRF:2
BRH:2
end_of_record
TN:
SF:src/models/Plan.ts
FN:23,(anonymous_2)
FNF:1
FNH:0
FNDA:0,(anonymous_2)
DA:1,1
DA:4,1
DA:5,1
DA:8,1
DA:11,1
DA:14,1
DA:17,1
DA:20,1
DA:23,1
DA:27,1
DA:30,1
DA:33,1
DA:36,1
LF:13
LH:13
BRF:0
BRH:0
end_of_record
TN:
SF:src/models/Policy.ts
FN:10,(anonymous_2)
FN:17,(anonymous_3)
FNF:2
FNH:0
FNDA:0,(anonymous_2)
FNDA:0,(anonymous_3)
DA:1,1
DA:2,1
DA:3,1
DA:6,1
DA:7,1
DA:10,1
DA:14,1
DA:17,1
DA:21,1
DA:24,1
DA:27,1
DA:30,1
DA:33,1
DA:36,1
DA:39,1
LF:15
LH:15
BRF:0
BRH:0
end_of_record
TN:
SF:src/models/Referral.ts
FN:10,(anonymous_2)
FN:17,(anonymous_3)
FNF:2
FNH:0
FNDA:0,(anonymous_2)
FNDA:0,(anonymous_3)
DA:1,1
DA:2,1
DA:3,1
DA:6,1
DA:7,1
DA:10,1
DA:14,1
DA:17,1
DA:21,1
DA:24,1
LF:10
LH:10
BRF:0
BRH:0
end_of_record
TN:
SF:src/models/RefreshToken.ts
FN:5,(anonymous_2)
FN:44,(anonymous_3)
FN:48,(anonymous_4)
FN:37,(anonymous_5)
FN:37,(anonymous_6)
FNF:5
FNH:0
FNDA:0,(anonymous_2)
FNDA:0,(anonymous_3)
FNDA:0,(anonymous_4)
FNDA:0,(anonymous_5)
FNDA:0,(anonymous_6)
DA:1,1
DA:2,1
DA:5,1
DA:6,1
DA:9,1
DA:11,0
DA:13,1
DA:14,0
DA:16,1
DA:17,0
DA:19,1
DA:20,0
DA:22,1
DA:23,0
DA:25,1
DA:26,0
DA:28,1
DA:29,0
DA:31,1
DA:32,0
DA:34,1
DA:35,0
DA:37,1
DA:41,1
DA:45,0
DA:49,0
LF:26
LH:15
BRDA:49,0,0,0
BRDA:49,0,1,0
BRF:2
BRH:0
end_of_record
TN:
SF:src/models/Report.ts
FN:11,(anonymous_2)
FNF:1
FNH:0
FNDA:0,(anonymous_2)
DA:1,1
DA:2,1
DA:7,1
DA:8,1
DA:11,1
DA:15,1
DA:18,1
DA:21,1
DA:24,1
DA:27,1
DA:30,1
LF:11
LH:11
BRF:0
BRH:0
end_of_record
TN:
SF:src/models/Service.ts
FN:6,(anonymous_2)
FN:47,(anonymous_3)
FN:47,(anonymous_4)
FNF:3
FNH:0
FNDA:0,(anonymous_2)
FNDA:0,(anonymous_3)
FNDA:0,(anonymous_4)
DA:1,1
DA:2,1
DA:3,1
DA:6,1
DA:7,1
DA:10,1
DA:15,1
DA:20,1
DA:25,1
DA:30,1
DA:35,1
DA:37,0
DA:39,1
DA:44,1
DA:47,1
DA:51,1
DA:54,1
LF:17
LH:16
BRF:0
BRH:0
end_of_record
TN:
SF:src/models/User.ts
FN:10,(anonymous_8)
FN:129,(anonymous_9)
FN:134,(anonymous_10)
FN:101,(anonymous_11)
FN:109,(anonymous_12)
FN:117,(anonymous_13)
FN:117,(anonymous_14)
FN:120,(anonymous_15)
FN:120,(anonymous_16)
FNF:9
FNH:0
FNDA:0,(anonymous_8)
FNDA:0,(anonymous_9)
FNDA:0,(anonymous_10)
FNDA:0,(anonymous_11)
FNDA:0,(anonymous_12)
FNDA:0,(anonymous_13)
FNDA:0,(anonymous_14)
FNDA:0,(anonymous_15)
FNDA:0,(anonymous_16)
DA:1,1
DA:2,1
DA:3,1
DA:4,1
DA:5,1
DA:6,1
DA:7,1
DA:10,1
DA:11,1
DA:14,1
DA:16,0
DA:18,1
DA:20,0
DA:22,1
DA:24,0
DA:26,1
DA:29,0
DA:31,1
DA:33,0
DA:35,1
DA:41,0
DA:43,1
DA:50,0
DA:52,1
DA:53,0
DA:55,1
DA:60,1
DA:65,1
DA:70,1
DA:75,1
DA:80,1
DA:85,1
DA:90,1
DA:95,1
DA:101,1
DA:105,1
DA:109,1
DA:113,1
DA:117,1
DA:120,1
DA:123,1
DA:124,0
DA:126,1
DA:127,0
DA:130,0
DA:131,0
DA:135,0
LF:47
LH:34
BRF:0
BRH:0
end_of_record
TN:
SF:src/routes/appointment.routes.ts
FNF:0
FNH:0
DA:1,1
DA:2,1
DA:3,1
DA:4,1
DA:5,1
DA:6,1
DA:7,1
DA:118,1
DA:121,1
DA:157,1
DA:234,1
DA:237,1
DA:238,1
DA:239,1
DA:240,1
DA:241,1
DA:244,1
DA:246,1
DA:248,1
DA:279,1
DA:323,1
DA:354,1
DA:359,1
LF:23
LH:23
BRF:0
BRH:0
end_of_record
TN:
SF:src/routes/auth.routes.ts
FNF:0
FNH:0
DA:1,1
DA:2,1
DA:5,1
DA:90,1
DA:124,1
DA:158,1
DA:174,1
DA:205,1
DA:231,1
DA:260,1
DA:262,1
LF:11
LH:11
BRF:0
BRH:0
end_of_record
TN:
SF:src/routes/availability.routes.ts
FN:39,(anonymous_0)
FN:100,(anonymous_1)
FN:141,(anonymous_2)
FN:174,(anonymous_3)
FN:204,(anonymous_4)
FNF:5
FNH:0
FNDA:0,(anonymous_0)
FNDA:0,(anonymous_1)
FNDA:0,(anonymous_2)
FNDA:0,(anonymous_3)
FNDA:0,(anonymous_4)
DA:1,1
DA:2,1
DA:3,1
DA:4,1
DA:5,1
DA:6,1
DA:7,1
DA:10,1
DA:39,1
DA:40,0
DA:41,0
DA:45,0
DA:46,0
DA:51,0
DA:52,0
DA:53,0
DA:54,0
DA:57,0
DA:62,0
DA:100,1
DA:101,0
DA:104,0
DA:105,0
DA:107,0
DA:108,0
DA:111,0
DA:112,0
DA:114,0
DA:115,0
DA:116,0
DA:119,0
DA:128,0
DA:129,0
DA:141,1
DA:142,0
DA:143,0
DA:145,0
DA:146,0
DA:148,0
DA:149,0
DA:152,0
DA:153,0
DA:155,0
DA:156,0
DA:159,0
DA:160,0
DA:162,0
DA:174,1
DA:175,0
DA:177,0
DA:178,0
DA:180,0
DA:181,0
DA:184,0
DA:185,0
DA:187,0
DA:188,0
DA:191,0
DA:192,0
DA:204,1
DA:205,0
DA:206,0
DA:209,0
DA:210,0
DA:215,0
DA:218,1
LF:66
LH:14
BRDA:51,0,0,0
BRDA:51,0,1,0
BRDA:53,1,0,0
BRDA:53,1,1,0
BRDA:104,2,0,0
BRDA:104,2,1,0
BRDA:105,3,0,0
BRDA:105,3,1,0
BRDA:107,4,0,0
BRDA:107,4,1,0
BRDA:107,5,0,0
BRDA:107,5,1,0
BRDA:115,6,0,0
BRDA:115,6,1,0
BRDA:124,7,0,0
BRDA:124,7,1,0
BRDA:148,8,0,0
BRDA:148,8,1,0
BRDA:152,9,0,0
BRDA:152,9,1,0
BRDA:153,10,0,0
BRDA:153,10,1,0
BRDA:155,11,0,0
BRDA:155,11,1,0
BRDA:155,12,0,0
BRDA:155,12,1,0
BRDA:180,13,0,0
BRDA:180,13,1,0
BRDA:184,14,0,0
BRDA:184,14,1,0
BRDA:185,15,0,0
BRDA:185,15,1,0
BRDA:187,16,0,0
BRDA:187,16,1,0
BRDA:187,17,0,0
BRDA:187,17,1,0
BRDA:205,18,0,0
BRDA:205,18,1,0
BRF:38
BRH:0
end_of_record
TN:
SF:src/routes/department.routes.ts
FNF:0
FNH:0
DA:1,1
DA:2,1
DA:3,1
DA:4,1
DA:5,1
DA:7,1
DA:109,1
DA:135,1
DA:168,1
DA:171,1
DA:172,1
DA:173,1
DA:175,1
LF:13
LH:13
BRF:0
BRH:0
end_of_record
TN:
SF:src/routes/insurance.routes.ts
FNF:0
FNH:0
DA:1,1
DA:2,1
DA:3,1
DA:5,1
DA:8,1
DA:9,1
DA:10,1
DA:11,1
DA:12,1
DA:15,1
DA:16,1
DA:17,1
DA:19,1
LF:13
LH:13
BRF:0
BRH:0
end_of_record
TN:
SF:src/routes/patient-portal.routes.ts
FN:25,(anonymous_0)
FN:47,(anonymous_1)
FN:69,(anonymous_2)
FNF:3
FNH:0
FNDA:0,(anonymous_0)
FNDA:0,(anonymous_1)
FNDA:0,(anonymous_2)
DA:1,1
DA:2,1
DA:3,1
DA:4,1
DA:5,1
DA:6,1
DA:8,1
DA:11,1
DA:25,1
DA:26,0
DA:27,0
DA:32,0
DA:47,1
DA:48,0
DA:49,0
DA:54,0
DA:69,1
DA:70,0
DA:75,0
DA:88,0
DA:101,1
LF:21
LH:12
BRF:0
BRH:0
end_of_record
TN:
SF:src/routes/referral.routes.ts
FNF:0
FNH:0
DA:1,1
DA:2,1
DA:3,1
DA:4,1
DA:5,1
DA:7,1
DA:10,1
DA:11,1
DA:14,1
DA:16,1
DA:18,1
LF:11
LH:11
BRF:0
BRH:0
end_of_record
TN:
SF:src/routes/report.routes.ts
FN:18,(anonymous_0)
FN:28,(anonymous_1)
FN:36,(anonymous_2)
FN:46,(anonymous_3)
FNF:4
FNH:0
FNDA:0,(anonymous_0)
FNDA:0,(anonymous_1)
FNDA:0,(anonymous_2)
FNDA:0,(anonymous_3)
DA:1,1
DA:2,1
DA:3,1
DA:4,1
DA:5,1
DA:6,1
DA:7,1
DA:8,1
DA:9,1
DA:11,1
DA:14,1
DA:18,0
DA:23,1
DA:29,0
DA:30,0
DA:31,0
DA:32,0
DA:33,0
DA:34,0
DA:36,0
DA:41,1
DA:46,0
DA:50,1
LF:23
LH:14
BRDA:31,0,0,0
BRDA:31,0,1,0
BRDA:46,1,0,0
BRDA:46,1,1,0
BRDA:46,2,0,0
BRDA:46,2,1,0
BRF:6
BRH:0
end_of_record
TN:
SF:src/routes/service.routes.ts
FNF:0
FNH:0
DA:1,1
DA:2,1
DA:3,1
DA:4,1
DA:5,1
DA:88,1
DA:129,1
DA:162,1
DA:195,1
DA:229,1
DA:255,1
DA:258,1
DA:259,1
DA:260,1
DA:262,1
LF:15
LH:15
BRF:0
BRH:0
end_of_record
TN:
SF:src/routes/user.routes.ts
FN:17,(anonymous_1)
FN:18,(anonymous_2)
FN:189,(anonymous_3)
FNF:3
FNH:0
FNDA:0,(anonymous_1)
FNDA:0,(anonymous_2)
FNDA:0,(anonymous_3)
DA:1,1
DA:2,1
DA:3,1
DA:4,1
DA:5,1
DA:6,1
DA:7,1
DA:8,1
DA:9,1
DA:10,1
DA:12,1
DA:15,1
DA:16,1
DA:17,0
DA:19,0
DA:20,0
DA:21,0
DA:24,1
DA:138,1
DA:141,1
DA:142,1
DA:143,1
DA:144,1
DA:147,1
DA:148,1
DA:151,1
DA:152,1
DA:153,1
DA:154,1
DA:155,1
DA:156,1
DA:157,1
DA:158,1
DA:189,1
DA:190,0
DA:198,1
DA:204,1
LF:37
LH:32
BRF:0
BRH:0
end_of_record
TN:
SF:src/types/roles.ts
FN:1,(anonymous_0)
FN:13,(anonymous_1)
FN:138,(anonymous_2)
FN:143,(anonymous_3)
FNF:4
FNH:2
FNDA:1,(anonymous_0)
FNDA:1,(anonymous_1)
FNDA:0,(anonymous_2)
FNDA:0,(anonymous_3)
DA:1,1
DA:2,1
DA:3,1
DA:4,1
DA:5,1
DA:6,1
DA:7,1
DA:8,1
DA:9,1
DA:10,1
DA:13,1
DA:15,1
DA:16,1
DA:17,1
DA:18,1
DA:21,1
DA:22,1
DA:23,1
DA:24,1
DA:27,1
DA:28,1
DA:29,1
DA:30,1
DA:33,1
DA:34,1
DA:35,1
DA:38,1
DA:39,1
DA:40,1
DA:43,1
DA:44,1
DA:47,1
DA:50,1
DA:51,1
DA:58,1
DA:138,1
DA:139,0
DA:143,1
DA:144,0
LF:39
LH:37
BRDA:1,0,0,1
BRDA:1,0,1,1
BRDA:13,1,0,1
BRDA:13,1,1,1
BRDA:139,2,0,0
BRDA:139,2,1,0
BRDA:139,3,0,0
BRDA:139,3,1,0
BRDA:139,4,0,0
BRDA:139,4,1,0
BRDA:144,5,0,0
BRDA:144,5,1,0
BRF:12
BRH:4
end_of_record
TN:
SF:src/utils/jwt.ts
FN:7,(anonymous_1)
FN:15,(anonymous_2)
FN:37,(anonymous_3)
FN:41,(anonymous_4)
FNF:4
FNH:0
FNDA:0,(anonymous_1)
FNDA:0,(anonymous_2)
FNDA:0,(anonymous_3)
FNDA:0,(anonymous_4)
DA:1,1
DA:4,1
DA:5,1
DA:7,1
DA:15,1
DA:16,0
DA:22,0
DA:26,0
DA:30,0
DA:37,1
DA:38,0
DA:41,1
DA:42,0
DA:43,0
DA:45,0
LF:15
LH:7
BRDA:7,0,0,0
BRDA:7,0,1,0
BRF:2
BRH:0
end_of_record
